[0.008s] Invoking command in '/home/jay/ros2_ws/src/articubot_one/build/articubot_one': CMAKE_PREFIX_PATH=${CMAKE_PREFIX_PATH}:/opt/ros/humble /usr/bin/cmake /home/jay/ros2_ws/src/articubot_one -DAMENT_CMAKE_SYMLINK_INSTALL=1 -DCMAKE_INSTALL_PREFIX=/home/jay/ros2_ws/src/articubot_one/install/articubot_one
[0.068s] -- The C compiler identification is GNU 11.4.0
[0.124s] -- The CXX compiler identification is GNU 11.4.0
[0.134s] -- Detecting C compiler ABI info
[0.221s] -- Detecting C compiler ABI info - done
[0.226s] -- Check for working C compiler: /usr/bin/cc - skipped
[0.226s] -- Detecting C compile features
[0.226s] -- Detecting C compile features - done
[0.229s] -- Detecting CXX compiler ABI info
[0.323s] -- Detecting CXX compiler ABI info - done
[0.331s] -- Check for working CXX compiler: /usr/bin/c++ - skipped
[0.331s] -- Detecting CXX compile features
[0.332s] -- Detecting CXX compile features - done
[0.334s] -- Found ament_cmake: 1.3.11 (/opt/ros/humble/share/ament_cmake/cmake)
[0.462s] -- Found Python3: /usr/bin/python3 (found version "3.10.12") found components: Interpreter 
[0.512s] -- Override CMake install command with custom implementation using symlinks instead of copying resources
[0.540s] -- Found ament_lint_auto: 0.12.12 (/opt/ros/humble/share/ament_lint_auto/cmake)
[0.599s] -- Added test 'copyright' to check source files copyright and LICENSE
[0.602s] -- Added test 'cppcheck' to perform static code analysis on C / C++ code
[0.602s] -- Configured cppcheck include dirs: 
[0.602s] -- Configured cppcheck exclude dirs and/or files: 
[0.605s] -- Added test 'cpplint' to check C / C++ code against the Google style
[0.605s] -- Configured cpplint exclude dirs and/or files: 
[0.605s] -- Added test 'flake8' to check Python code syntax and style conventions
[0.606s] -- Added test 'lint_cmake' to check CMake code style
[0.607s] -- Added test 'pep257' to check Python code against some of the docstring style conventions in PEP 257
[0.610s] -- Added test 'uncrustify' to check C / C++ code style
[0.610s] -- Configured uncrustify additional arguments: 
[0.610s] -- Added test 'xmllint' to check XML markup files
[0.612s] -- Configuring done
[0.613s] -- Generating done
[0.614s] -- Build files have been written to: /home/jay/ros2_ws/src/articubot_one/build/articubot_one
[0.617s] Invoked command in '/home/jay/ros2_ws/src/articubot_one/build/articubot_one' returned '0': CMAKE_PREFIX_PATH=${CMAKE_PREFIX_PATH}:/opt/ros/humble /usr/bin/cmake /home/jay/ros2_ws/src/articubot_one -DAMENT_CMAKE_SYMLINK_INSTALL=1 -DCMAKE_INSTALL_PREFIX=/home/jay/ros2_ws/src/articubot_one/install/articubot_one
[0.618s] Invoking command in '/home/jay/ros2_ws/src/articubot_one/build/articubot_one': CMAKE_PREFIX_PATH=${CMAKE_PREFIX_PATH}:/opt/ros/humble /usr/bin/cmake --build /home/jay/ros2_ws/src/articubot_one/build/articubot_one -- -j32 -l32
[0.658s] Invoked command in '/home/jay/ros2_ws/src/articubot_one/build/articubot_one' returned '0': CMAKE_PREFIX_PATH=${CMAKE_PREFIX_PATH}:/opt/ros/humble /usr/bin/cmake --build /home/jay/ros2_ws/src/articubot_one/build/articubot_one -- -j32 -l32
[0.671s] Invoking command in '/home/jay/ros2_ws/src/articubot_one/build/articubot_one': CMAKE_PREFIX_PATH=${CMAKE_PREFIX_PATH}:/opt/ros/humble /usr/bin/cmake --install /home/jay/ros2_ws/src/articubot_one/build/articubot_one
[0.681s] -- Install configuration: ""
[0.681s] -- Execute custom install script
[0.682s] -- Symlinking: /home/jay/ros2_ws/src/articubot_one/install/articubot_one/share/articubot_one/config/drive_bot.rviz
[0.691s] -- Symlinking: /home/jay/ros2_ws/src/articubot_one/install/articubot_one/share/articubot_one/config/empty.yaml
[0.702s] -- Symlinking: /home/jay/ros2_ws/src/articubot_one/install/articubot_one/share/articubot_one/config/ros2_control.yaml
[0.711s] -- Symlinking: /home/jay/ros2_ws/src/articubot_one/install/articubot_one/share/articubot_one/config/view_bot.rviz
[0.717s] -- Symlinking: /home/jay/ros2_ws/src/articubot_one/install/articubot_one/share/articubot_one/description/assets/Chassis_Suspension.stl
[0.723s] -- Symlinking: /home/jay/ros2_ws/src/articubot_one/install/articubot_one/share/articubot_one/description/assets/chassis.part
[0.731s] -- Symlinking: /home/jay/ros2_ws/src/articubot_one/install/articubot_one/share/articubot_one/description/assets/chassis.stl
[0.740s] -- Symlinking: /home/jay/ros2_ws/src/articubot_one/install/articubot_one/share/articubot_one/description/assets/front_suspension.part
[0.750s] -- Symlinking: /home/jay/ros2_ws/src/articubot_one/install/articubot_one/share/articubot_one/description/assets/front_suspension.stl
[0.760s] -- Symlinking: /home/jay/ros2_ws/src/articubot_one/install/articubot_one/share/articubot_one/description/assets/front_wheel_hub.part
[0.771s] -- Symlinking: /home/jay/ros2_ws/src/articubot_one/install/articubot_one/share/articubot_one/description/assets/front_wheel_hub.stl
[0.782s] -- Symlinking: /home/jay/ros2_ws/src/articubot_one/install/articubot_one/share/articubot_one/description/assets/rear_suspension.part
[0.791s] -- Symlinking: /home/jay/ros2_ws/src/articubot_one/install/articubot_one/share/articubot_one/description/assets/rear_suspension.stl
[0.801s] -- Symlinking: /home/jay/ros2_ws/src/articubot_one/install/articubot_one/share/articubot_one/description/assets/rear_wheel_hub.part
[0.808s] -- Symlinking: /home/jay/ros2_ws/src/articubot_one/install/articubot_one/share/articubot_one/description/assets/rear_wheel_hub.stl
[0.816s] -- Symlinking: /home/jay/ros2_ws/src/articubot_one/install/articubot_one/share/articubot_one/description/assets/wheel.part
[0.824s] -- Symlinking: /home/jay/ros2_ws/src/articubot_one/install/articubot_one/share/articubot_one/description/assets/wheel.stl
[0.835s] -- Symlinking: /home/jay/ros2_ws/src/articubot_one/install/articubot_one/share/articubot_one/description/gazebo_control.xacro
[0.842s] -- Symlinking: /home/jay/ros2_ws/src/articubot_one/install/articubot_one/share/articubot_one/description/inertial_macros.xacro
[0.852s] -- Symlinking: /home/jay/ros2_ws/src/articubot_one/install/articubot_one/share/articubot_one/description/robot.urdf.xacro
[0.862s] -- Symlinking: /home/jay/ros2_ws/src/articubot_one/install/articubot_one/share/articubot_one/description/robot_core.xacro
[0.872s] -- Symlinking: /home/jay/ros2_ws/src/articubot_one/install/articubot_one/share/articubot_one/launch/launch_sim.launch.py
[0.883s] -- Symlinking: /home/jay/ros2_ws/src/articubot_one/install/articubot_one/share/articubot_one/launch/rsp.launch.py
[0.893s] -- Symlinking: /home/jay/ros2_ws/src/articubot_one/install/articubot_one/share/articubot_one/launch/simple.launch.py
[0.902s] -- Symlinking: /home/jay/ros2_ws/src/articubot_one/install/articubot_one/share/articubot_one/worlds/empty.world
[0.912s] -- Symlinking: /home/jay/ros2_ws/src/articubot_one/install/articubot_one/share/articubot_one/worlds/obstacles.world
[0.920s] -- Symlinking: /home/jay/ros2_ws/src/articubot_one/install/articubot_one/share/ament_index/resource_index/package_run_dependencies/articubot_one
[0.929s] -- Symlinking: /home/jay/ros2_ws/src/articubot_one/install/articubot_one/share/ament_index/resource_index/parent_prefix_path/articubot_one
[0.937s] -- Symlinking: /home/jay/ros2_ws/src/articubot_one/install/articubot_one/share/articubot_one/environment/ament_prefix_path.sh
[0.948s] -- Symlinking: /home/jay/ros2_ws/src/articubot_one/install/articubot_one/share/articubot_one/environment/ament_prefix_path.dsv
[0.959s] -- Symlinking: /home/jay/ros2_ws/src/articubot_one/install/articubot_one/share/articubot_one/environment/path.sh
[0.968s] -- Symlinking: /home/jay/ros2_ws/src/articubot_one/install/articubot_one/share/articubot_one/environment/path.dsv
[0.977s] -- Symlinking: /home/jay/ros2_ws/src/articubot_one/install/articubot_one/share/articubot_one/local_setup.bash
[0.985s] -- Symlinking: /home/jay/ros2_ws/src/articubot_one/install/articubot_one/share/articubot_one/local_setup.sh
[0.993s] -- Symlinking: /home/jay/ros2_ws/src/articubot_one/install/articubot_one/share/articubot_one/local_setup.zsh
[1.006s] -- Symlinking: /home/jay/ros2_ws/src/articubot_one/install/articubot_one/share/articubot_one/local_setup.dsv
[1.017s] -- Symlinking: /home/jay/ros2_ws/src/articubot_one/install/articubot_one/share/articubot_one/package.dsv
[1.032s] -- Symlinking: /home/jay/ros2_ws/src/articubot_one/install/articubot_one/share/ament_index/resource_index/packages/articubot_one
[1.050s] -- Symlinking: /home/jay/ros2_ws/src/articubot_one/install/articubot_one/share/articubot_one/cmake/articubot_oneConfig.cmake
[1.067s] -- Symlinking: /home/jay/ros2_ws/src/articubot_one/install/articubot_one/share/articubot_one/cmake/articubot_oneConfig-version.cmake
[1.081s] -- Symlinking: /home/jay/ros2_ws/src/articubot_one/install/articubot_one/share/articubot_one/package.xml
[1.101s] Invoked command in '/home/jay/ros2_ws/src/articubot_one/build/articubot_one' returned '0': CMAKE_PREFIX_PATH=${CMAKE_PREFIX_PATH}:/opt/ros/humble /usr/bin/cmake --install /home/jay/ros2_ws/src/articubot_one/build/articubot_one
