[0.081s] DEBUG:colcon:Command line arguments: ['/usr/bin/colcon', 'build']
[0.081s] DEBUG:colcon:Parsed command line arguments: Namespace(log_base=None, log_level=None, verb_name='build', build_base='build', install_base='install', merge_install=False, symlink_install=False, test_result_base=None, continue_on_error=False, executor='parallel', parallel_workers=32, event_handlers=None, ignore_user_meta=False, metas=['./colcon.meta'], base_paths=['.'], packages_ignore=None, packages_ignore_regex=None, paths=None, packages_up_to=None, packages_up_to_regex=None, packages_above=None, packages_above_and_dependencies=None, packages_above_depth=None, packages_select_by_dep=None, packages_skip_by_dep=None, packages_skip_up_to=None, packages_select_build_failed=False, packages_skip_build_finished=False, packages_select_test_failures=False, packages_skip_test_passed=False, packages_select=None, packages_skip=None, packages_select_regex=None, packages_skip_regex=None, packages_start=None, packages_end=None, allow_overriding=[], cmake_args=None, cmake_target=None, cmake_target_skip_unavailable=False, cmake_clean_cache=False, cmake_clean_first=False, cmake_force_configure=False, ament_cmake_args=None, catkin_cmake_args=None, catkin_skip_building_tests=False, mixin_files=None, mixin=None, verb_parser=<colcon_mixin.mixin.mixin_argument.MixinArgumentDecorator object at 0x728f32863760>, verb_extension=<colcon_core.verb.build.BuildVerb object at 0x728f328631f0>, main=<bound method BuildVerb.main of <colcon_core.verb.build.BuildVerb object at 0x728f328631f0>>, mixin_verb=('build',))
[0.209s] Level 1:colcon.colcon_core.package_discovery:discover_packages(colcon_meta) check parameters
[0.209s] Level 1:colcon.colcon_core.package_discovery:discover_packages(recursive) check parameters
[0.209s] Level 1:colcon.colcon_core.package_discovery:discover_packages(ignore) check parameters
[0.209s] Level 1:colcon.colcon_core.package_discovery:discover_packages(path) check parameters
[0.209s] Level 1:colcon.colcon_core.package_discovery:discover_packages(colcon_meta) discover
[0.209s] Level 1:colcon.colcon_core.package_discovery:discover_packages(recursive) discover
[0.209s] INFO:colcon.colcon_core.package_discovery:Crawling recursively for packages in '/home/jay/ros2_ws/src/avone'
[0.209s] Level 1:colcon.colcon_core.package_identification:_identify(.) by extensions ['ignore', 'ignore_ament_install']
[0.209s] Level 1:colcon.colcon_core.package_identification:_identify(.) by extension 'ignore'
[0.209s] Level 1:colcon.colcon_core.package_identification:_identify(.) by extension 'ignore_ament_install'
[0.209s] Level 1:colcon.colcon_core.package_identification:_identify(.) by extensions ['colcon_pkg']
[0.209s] Level 1:colcon.colcon_core.package_identification:_identify(.) by extension 'colcon_pkg'
[0.209s] Level 1:colcon.colcon_core.package_identification:_identify(.) by extensions ['colcon_meta']
[0.209s] Level 1:colcon.colcon_core.package_identification:_identify(.) by extension 'colcon_meta'
[0.209s] Level 1:colcon.colcon_core.package_identification:_identify(.) by extensions ['ros']
[0.209s] Level 1:colcon.colcon_core.package_identification:_identify(.) by extension 'ros'
[0.225s] DEBUG:colcon.colcon_core.package_identification:Package '.' with type 'ros.ament_cmake' and name 'avone'
[0.225s] Level 1:colcon.colcon_core.package_discovery:discover_packages(recursive) using defaults
[0.225s] Level 1:colcon.colcon_core.package_discovery:discover_packages(ignore) discover
[0.225s] Level 1:colcon.colcon_core.package_discovery:discover_packages(ignore) using defaults
[0.225s] Level 1:colcon.colcon_core.package_discovery:discover_packages(path) discover
[0.225s] Level 1:colcon.colcon_core.package_discovery:discover_packages(path) using defaults
[0.240s] Level 1:colcon.colcon_core.package_discovery:discover_packages(prefix_path) check parameters
[0.240s] Level 1:colcon.colcon_core.package_discovery:discover_packages(prefix_path) discover
[0.240s] WARNING:colcon.colcon_ros.prefix_path.ament:The path '/home/jay/ros2_ws/src/avone/install/avone' in the environment variable AMENT_PREFIX_PATH doesn't exist
[0.241s] WARNING:colcon.colcon_ros.prefix_path.ament:The path '/home/jay/ros2_ws/install/ros2_socketcan' in the environment variable AMENT_PREFIX_PATH doesn't exist
[0.241s] WARNING:colcon.colcon_ros.prefix_path.ament:The path '/home/jay/ros2_ws/install/ros2_socketcan_msgs' in the environment variable AMENT_PREFIX_PATH doesn't exist
[0.241s] WARNING:colcon.colcon_ros.prefix_path.ament:The path '/home/jay/ros2_ws/install/articubot_one' in the environment variable AMENT_PREFIX_PATH doesn't exist
[0.241s] WARNING:colcon.colcon_ros.prefix_path.ament:The path '/home/jay/ros2_ws/install/AVONE_description' in the environment variable AMENT_PREFIX_PATH doesn't exist
[0.241s] WARNING:colcon.colcon_ros.prefix_path.catkin:The path '/home/jay/ros2_ws/src/avone/install/avone' in the environment variable CMAKE_PREFIX_PATH doesn't exist
[0.241s] WARNING:colcon.colcon_ros.prefix_path.catkin:The path '/home/jay/ros2_ws/src/avone/install/articubot_one' in the environment variable CMAKE_PREFIX_PATH doesn't exist
[0.241s] WARNING:colcon.colcon_ros.prefix_path.catkin:The path '/home/jay/ros2_ws/install/ros2_socketcan' in the environment variable CMAKE_PREFIX_PATH doesn't exist
[0.241s] WARNING:colcon.colcon_ros.prefix_path.catkin:The path '/home/jay/ros2_ws/install/ros2_socketcan_msgs' in the environment variable CMAKE_PREFIX_PATH doesn't exist
[0.241s] WARNING:colcon.colcon_ros.prefix_path.catkin:The path '/home/jay/ros2_ws/install/articubot_one' in the environment variable CMAKE_PREFIX_PATH doesn't exist
[0.241s] WARNING:colcon.colcon_ros.prefix_path.catkin:The path '/home/jay/ros2_ws/install/AVONE_description' in the environment variable CMAKE_PREFIX_PATH doesn't exist
[0.242s] DEBUG:colcon.colcon_installed_package_information.package_discovery:Found 19 installed packages in /home/jay/ros2_ws/install
[0.242s] DEBUG:colcon.colcon_installed_package_information.package_discovery:Found 0 installed packages in /home/jay/ros2_ws/src/avone/install
[0.243s] DEBUG:colcon.colcon_installed_package_information.package_discovery:Found 462 installed packages in /opt/ros/humble
[0.245s] Level 1:colcon.colcon_core.package_discovery:discover_packages(prefix_path) using defaults
[0.284s] Level 5:colcon.colcon_core.verb:set package 'avone' build argument 'cmake_args' from command line to 'None'
[0.284s] Level 5:colcon.colcon_core.verb:set package 'avone' build argument 'cmake_target' from command line to 'None'
[0.284s] Level 5:colcon.colcon_core.verb:set package 'avone' build argument 'cmake_target_skip_unavailable' from command line to 'False'
[0.284s] Level 5:colcon.colcon_core.verb:set package 'avone' build argument 'cmake_clean_cache' from command line to 'False'
[0.284s] Level 5:colcon.colcon_core.verb:set package 'avone' build argument 'cmake_clean_first' from command line to 'False'
[0.284s] Level 5:colcon.colcon_core.verb:set package 'avone' build argument 'cmake_force_configure' from command line to 'False'
[0.284s] Level 5:colcon.colcon_core.verb:set package 'avone' build argument 'ament_cmake_args' from command line to 'None'
[0.284s] Level 5:colcon.colcon_core.verb:set package 'avone' build argument 'catkin_cmake_args' from command line to 'None'
[0.284s] Level 5:colcon.colcon_core.verb:set package 'avone' build argument 'catkin_skip_building_tests' from command line to 'False'
[0.284s] DEBUG:colcon.colcon_core.verb:Building package 'avone' with the following arguments: {'ament_cmake_args': None, 'build_base': '/home/jay/ros2_ws/src/avone/build/avone', 'catkin_cmake_args': None, 'catkin_skip_building_tests': False, 'cmake_args': None, 'cmake_clean_cache': False, 'cmake_clean_first': False, 'cmake_force_configure': False, 'cmake_target': None, 'cmake_target_skip_unavailable': False, 'install_base': '/home/jay/ros2_ws/src/avone/install/avone', 'merge_install': False, 'path': '/home/jay/ros2_ws/src/avone', 'symlink_install': False, 'test_result_base': None}
[0.284s] INFO:colcon.colcon_core.executor:Executing jobs using 'parallel' executor
[0.285s] DEBUG:colcon.colcon_parallel_executor.executor.parallel:run_until_complete
[0.285s] INFO:colcon.colcon_ros.task.ament_cmake.build:Building ROS package in '/home/jay/ros2_ws/src/avone' with build type 'ament_cmake'
[0.285s] INFO:colcon.colcon_cmake.task.cmake.build:Building CMake package in '/home/jay/ros2_ws/src/avone'
[0.286s] INFO:colcon.colcon_core.plugin_system:Skipping extension 'colcon_core.shell.bat': Not used on non-Windows systems
[0.287s] INFO:colcon.colcon_core.shell:Skip shell extension 'powershell' for command environment: Not usable outside of PowerShell
[0.287s] DEBUG:colcon.colcon_core.shell:Skip shell extension 'dsv' for command environment
[0.295s] DEBUG:colcon.colcon_core.event_handler.log_command:Invoking command in '/home/jay/ros2_ws/src/avone/build/avone': CMAKE_PREFIX_PATH=${CMAKE_PREFIX_PATH}:/opt/ros/humble /usr/bin/cmake /home/jay/ros2_ws/src/avone -DCMAKE_INSTALL_PREFIX=/home/jay/ros2_ws/src/avone/install/avone
[0.960s] DEBUG:colcon.colcon_core.event_handler.log_command:Invoked command in '/home/jay/ros2_ws/src/avone/build/avone' returned '0': CMAKE_PREFIX_PATH=${CMAKE_PREFIX_PATH}:/opt/ros/humble /usr/bin/cmake /home/jay/ros2_ws/src/avone -DCMAKE_INSTALL_PREFIX=/home/jay/ros2_ws/src/avone/install/avone
[0.960s] DEBUG:colcon.colcon_core.event_handler.log_command:Invoking command in '/home/jay/ros2_ws/src/avone/build/avone': CMAKE_PREFIX_PATH=${CMAKE_PREFIX_PATH}:/opt/ros/humble /usr/bin/cmake --build /home/jay/ros2_ws/src/avone/build/avone -- -j32 -l32
[0.997s] DEBUG:colcon.colcon_core.event_handler.log_command:Invoked command in '/home/jay/ros2_ws/src/avone/build/avone' returned '0': CMAKE_PREFIX_PATH=${CMAKE_PREFIX_PATH}:/opt/ros/humble /usr/bin/cmake --build /home/jay/ros2_ws/src/avone/build/avone -- -j32 -l32
[1.010s] DEBUG:colcon.colcon_core.event_handler.log_command:Invoking command in '/home/jay/ros2_ws/src/avone/build/avone': CMAKE_PREFIX_PATH=${CMAKE_PREFIX_PATH}:/opt/ros/humble /usr/bin/cmake --install /home/jay/ros2_ws/src/avone/build/avone
[1.027s] Level 1:colcon.colcon_core.environment:create_environment_scripts_only(avone)
[1.027s] DEBUG:colcon.colcon_core.event_handler.log_command:Invoked command in '/home/jay/ros2_ws/src/avone/build/avone' returned '0': CMAKE_PREFIX_PATH=${CMAKE_PREFIX_PATH}:/opt/ros/humble /usr/bin/cmake --install /home/jay/ros2_ws/src/avone/build/avone
[1.029s] Level 1:colcon.colcon_core.environment:checking '/home/jay/ros2_ws/src/avone/install/avone' for CMake module files
[1.030s] Level 1:colcon.colcon_core.environment:checking '/home/jay/ros2_ws/src/avone/install/avone' for CMake config files
[1.030s] Level 1:colcon.colcon_core.shell:create_environment_hook('avone', 'cmake_prefix_path')
[1.030s] INFO:colcon.colcon_core.shell:Creating environment hook '/home/jay/ros2_ws/src/avone/install/avone/share/avone/hook/cmake_prefix_path.ps1'
[1.031s] INFO:colcon.colcon_core.shell:Creating environment descriptor '/home/jay/ros2_ws/src/avone/install/avone/share/avone/hook/cmake_prefix_path.dsv'
[1.031s] INFO:colcon.colcon_core.shell:Creating environment hook '/home/jay/ros2_ws/src/avone/install/avone/share/avone/hook/cmake_prefix_path.sh'
[1.032s] Level 1:colcon.colcon_core.environment:checking '/home/jay/ros2_ws/src/avone/install/avone/bin'
[1.032s] Level 1:colcon.colcon_core.environment:checking '/home/jay/ros2_ws/src/avone/install/avone/lib/pkgconfig/avone.pc'
[1.032s] Level 1:colcon.colcon_core.environment:checking '/home/jay/ros2_ws/src/avone/install/avone/lib/python3.10/site-packages'
[1.033s] Level 1:colcon.colcon_core.environment:checking '/home/jay/ros2_ws/src/avone/install/avone/bin'
[1.033s] INFO:colcon.colcon_core.shell:Creating package script '/home/jay/ros2_ws/src/avone/install/avone/share/avone/package.ps1'
[1.034s] INFO:colcon.colcon_core.shell:Creating package descriptor '/home/jay/ros2_ws/src/avone/install/avone/share/avone/package.dsv'
[1.035s] INFO:colcon.colcon_core.shell:Creating package script '/home/jay/ros2_ws/src/avone/install/avone/share/avone/package.sh'
[1.035s] INFO:colcon.colcon_core.shell:Creating package script '/home/jay/ros2_ws/src/avone/install/avone/share/avone/package.bash'
[1.036s] INFO:colcon.colcon_core.shell:Creating package script '/home/jay/ros2_ws/src/avone/install/avone/share/avone/package.zsh'
[1.037s] Level 1:colcon.colcon_core.environment:create_file_with_runtime_dependencies(/home/jay/ros2_ws/src/avone/install/avone/share/colcon-core/packages/avone)
[1.038s] Level 1:colcon.colcon_core.environment:create_environment_scripts_only(avone)
[1.038s] Level 1:colcon.colcon_core.environment:checking '/home/jay/ros2_ws/src/avone/install/avone' for CMake module files
[1.039s] Level 1:colcon.colcon_core.environment:checking '/home/jay/ros2_ws/src/avone/install/avone' for CMake config files
[1.039s] Level 1:colcon.colcon_core.shell:create_environment_hook('avone', 'cmake_prefix_path')
[1.039s] INFO:colcon.colcon_core.shell:Creating environment hook '/home/jay/ros2_ws/src/avone/install/avone/share/avone/hook/cmake_prefix_path.ps1'
[1.040s] INFO:colcon.colcon_core.shell:Creating environment descriptor '/home/jay/ros2_ws/src/avone/install/avone/share/avone/hook/cmake_prefix_path.dsv'
[1.040s] INFO:colcon.colcon_core.shell:Creating environment hook '/home/jay/ros2_ws/src/avone/install/avone/share/avone/hook/cmake_prefix_path.sh'
[1.041s] Level 1:colcon.colcon_core.environment:checking '/home/jay/ros2_ws/src/avone/install/avone/bin'
[1.041s] Level 1:colcon.colcon_core.environment:checking '/home/jay/ros2_ws/src/avone/install/avone/lib/pkgconfig/avone.pc'
[1.041s] Level 1:colcon.colcon_core.environment:checking '/home/jay/ros2_ws/src/avone/install/avone/lib/python3.10/site-packages'
[1.041s] Level 1:colcon.colcon_core.environment:checking '/home/jay/ros2_ws/src/avone/install/avone/bin'
[1.042s] INFO:colcon.colcon_core.shell:Creating package script '/home/jay/ros2_ws/src/avone/install/avone/share/avone/package.ps1'
[1.042s] INFO:colcon.colcon_core.shell:Creating package descriptor '/home/jay/ros2_ws/src/avone/install/avone/share/avone/package.dsv'
[1.042s] INFO:colcon.colcon_core.shell:Creating package script '/home/jay/ros2_ws/src/avone/install/avone/share/avone/package.sh'
[1.043s] INFO:colcon.colcon_core.shell:Creating package script '/home/jay/ros2_ws/src/avone/install/avone/share/avone/package.bash'
[1.043s] INFO:colcon.colcon_core.shell:Creating package script '/home/jay/ros2_ws/src/avone/install/avone/share/avone/package.zsh'
[1.043s] Level 1:colcon.colcon_core.environment:create_file_with_runtime_dependencies(/home/jay/ros2_ws/src/avone/install/avone/share/colcon-core/packages/avone)
[1.044s] DEBUG:colcon.colcon_parallel_executor.executor.parallel:closing loop
[1.044s] DEBUG:colcon.colcon_parallel_executor.executor.parallel:loop closed
[1.044s] DEBUG:colcon.colcon_parallel_executor.executor.parallel:run_until_complete finished with '0'
[1.044s] DEBUG:colcon.colcon_core.event_reactor:joining thread
[1.047s] INFO:colcon.colcon_core.plugin_system:Skipping extension 'colcon_notification.desktop_notification.terminal_notifier': Not used on non-Darwin systems
[1.047s] INFO:colcon.colcon_core.plugin_system:Skipping extension 'colcon_notification.desktop_notification.win32': Not used on non-Windows systems
[1.048s] INFO:colcon.colcon_notification.desktop_notification:Sending desktop notification using 'notify2'
[1.067s] DEBUG:colcon.colcon_core.event_reactor:joined thread
[1.067s] INFO:colcon.colcon_core.shell:Creating prefix script '/home/jay/ros2_ws/src/avone/install/local_setup.ps1'
[1.068s] INFO:colcon.colcon_core.shell:Creating prefix util module '/home/jay/ros2_ws/src/avone/install/_local_setup_util_ps1.py'
[1.069s] INFO:colcon.colcon_core.shell:Creating prefix chain script '/home/jay/ros2_ws/src/avone/install/setup.ps1'
[1.071s] INFO:colcon.colcon_core.shell:Creating prefix script '/home/jay/ros2_ws/src/avone/install/local_setup.sh'
[1.071s] INFO:colcon.colcon_core.shell:Creating prefix util module '/home/jay/ros2_ws/src/avone/install/_local_setup_util_sh.py'
[1.071s] INFO:colcon.colcon_core.shell:Creating prefix chain script '/home/jay/ros2_ws/src/avone/install/setup.sh'
[1.072s] INFO:colcon.colcon_core.shell:Creating prefix script '/home/jay/ros2_ws/src/avone/install/local_setup.bash'
[1.073s] INFO:colcon.colcon_core.shell:Creating prefix chain script '/home/jay/ros2_ws/src/avone/install/setup.bash'
[1.074s] INFO:colcon.colcon_core.shell:Creating prefix script '/home/jay/ros2_ws/src/avone/install/local_setup.zsh'
[1.074s] INFO:colcon.colcon_core.shell:Creating prefix chain script '/home/jay/ros2_ws/src/avone/install/setup.zsh'
