-- Found ament_cmake: 1.3.11 (/opt/ros/humble/share/ament_cmake/cmake)
-- Found ament_lint_auto: 0.12.12 (/opt/ros/humble/share/ament_lint_auto/cmake)
-- Added test 'copyright' to check source files copyright and LICENSE
-- Added test 'cppcheck' to perform static code analysis on C / C++ code
-- Configured cppcheck include dirs: 
-- Configured cppcheck exclude dirs and/or files: 
-- Added test 'cpplint' to check C / C++ code against the Google style
-- Configured cpplint exclude dirs and/or files: 
-- Added test 'flake8' to check Python code syntax and style conventions
-- Added test 'lint_cmake' to check CMake code style
-- Added test 'pep257' to check Python code against some of the docstring style conventions in PEP 257
-- Added test 'uncrustify' to check C / C++ code style
-- Configured uncrustify additional arguments: 
-- Added test 'xmllint' to check XML markup files
-- Configuring done
-- Generating done
-- Build files have been written to: /home/jay/ros2_ws/src/avone/build/avone
-- Install configuration: ""
-- Up-to-date: /home/jay/ros2_ws/src/avone/install/avone/share/avone/config
-- Up-to-date: /home/jay/ros2_ws/src/avone/install/avone/share/avone/config/mapper_params_online_async.yaml
-- Up-to-date: /home/jay/ros2_ws/src/avone/install/avone/share/avone/config/view_bot.rviz
-- Up-to-date: /home/jay/ros2_ws/src/avone/install/avone/share/avone/config/ros_gz_bridge.yaml
-- Up-to-date: /home/jay/ros2_ws/src/avone/install/avone/share/avone/config/ekf.yaml
-- Up-to-date: /home/jay/ros2_ws/src/avone/install/avone/share/avone/config/Nav2.yaml
-- Up-to-date: /home/jay/ros2_ws/src/avone/install/avone/share/avone/config/ackermann_drive_controller.yaml
-- Up-to-date: /home/jay/ros2_ws/src/avone/install/avone/share/avone/config/drive_bot.rviz
-- Up-to-date: /home/jay/ros2_ws/src/avone/install/avone/share/avone/description
-- Up-to-date: /home/jay/ros2_ws/src/avone/install/avone/share/avone/description/depthcamera.xacro
-- Up-to-date: /home/jay/ros2_ws/src/avone/install/avone/share/avone/description/camera.xacro
-- Up-to-date: /home/jay/ros2_ws/src/avone/install/avone/share/avone/description/robot.urdf.xacro
-- Up-to-date: /home/jay/ros2_ws/src/avone/install/avone/share/avone/description/sensors.xacro
-- Up-to-date: /home/jay/ros2_ws/src/avone/install/avone/share/avone/description/inertial_macros.xacro
-- Up-to-date: /home/jay/ros2_ws/src/avone/install/avone/share/avone/description/gazebo_control.xacro
-- Up-to-date: /home/jay/ros2_ws/src/avone/install/avone/share/avone/description/lidar.xacro
-- Up-to-date: /home/jay/ros2_ws/src/avone/install/avone/share/avone/description/ros2_control.xacro
-- Up-to-date: /home/jay/ros2_ws/src/avone/install/avone/share/avone/description/rgbdcamera.xacro
-- Up-to-date: /home/jay/ros2_ws/src/avone/install/avone/share/avone/description/assets
-- Up-to-date: /home/jay/ros2_ws/src/avone/install/avone/share/avone/description/assets/chassis.stl
-- Up-to-date: /home/jay/ros2_ws/src/avone/install/avone/share/avone/description/assets/rear_wheel_hub.part
-- Up-to-date: /home/jay/ros2_ws/src/avone/install/avone/share/avone/description/assets/front_suspension.part
-- Up-to-date: /home/jay/ros2_ws/src/avone/install/avone/share/avone/description/assets/wheel.stl
-- Up-to-date: /home/jay/ros2_ws/src/avone/install/avone/share/avone/description/assets/front_wheel_hub.stl
-- Up-to-date: /home/jay/ros2_ws/src/avone/install/avone/share/avone/description/assets/rear_wheel_hub.stl
-- Up-to-date: /home/jay/ros2_ws/src/avone/install/avone/share/avone/description/assets/front_suspension.stl
-- Up-to-date: /home/jay/ros2_ws/src/avone/install/avone/share/avone/description/assets/Chassis_Suspension.stl
-- Up-to-date: /home/jay/ros2_ws/src/avone/install/avone/share/avone/description/assets/rear_suspension.stl
-- Up-to-date: /home/jay/ros2_ws/src/avone/install/avone/share/avone/description/assets/wheel.part
-- Up-to-date: /home/jay/ros2_ws/src/avone/install/avone/share/avone/description/assets/rear_suspension.part
-- Up-to-date: /home/jay/ros2_ws/src/avone/install/avone/share/avone/description/assets/front_wheel_hub.part
-- Up-to-date: /home/jay/ros2_ws/src/avone/install/avone/share/avone/description/assets/chassis.part
-- Up-to-date: /home/jay/ros2_ws/src/avone/install/avone/share/avone/description/robot_core.xacro
-- Up-to-date: /home/jay/ros2_ws/src/avone/install/avone/share/avone/launch
-- Up-to-date: /home/jay/ros2_ws/src/avone/install/avone/share/avone/launch/simple.launch.py
-- Up-to-date: /home/jay/ros2_ws/src/avone/install/avone/share/avone/launch/launch_sim.launch.py
-- Up-to-date: /home/jay/ros2_ws/src/avone/install/avone/share/avone/launch/roscontrol.launch.py
-- Up-to-date: /home/jay/ros2_ws/src/avone/install/avone/share/avone/launch/rosbridge.launch.py
-- Up-to-date: /home/jay/ros2_ws/src/avone/install/avone/share/avone/launch/rsp.launch.py
-- Up-to-date: /home/jay/ros2_ws/src/avone/install/avone/share/avone/worlds
-- Up-to-date: /home/jay/ros2_ws/src/avone/install/avone/share/avone/worlds/random_cylinders.sdf
-- Up-to-date: /home/jay/ros2_ws/src/avone/install/avone/share/avone/worlds/log
-- Up-to-date: /home/jay/ros2_ws/src/avone/install/avone/share/avone/worlds/log/COLCON_IGNORE
-- Up-to-date: /home/jay/ros2_ws/src/avone/install/avone/share/avone/worlds/log/build_2025-05-15_15-20-54
-- Up-to-date: /home/jay/ros2_ws/src/avone/install/avone/share/avone/worlds/log/build_2025-05-15_15-20-54/events.log
-- Up-to-date: /home/jay/ros2_ws/src/avone/install/avone/share/avone/worlds/log/build_2025-05-15_15-20-54/logger_all.log
-- Up-to-date: /home/jay/ros2_ws/src/avone/install/avone/share/avone/worlds/log/latest_build
-- Up-to-date: /home/jay/ros2_ws/src/avone/install/avone/share/avone/worlds/log/build_2025-05-16_12-10-56
-- Up-to-date: /home/jay/ros2_ws/src/avone/install/avone/share/avone/worlds/log/build_2025-05-16_12-10-56/events.log
-- Up-to-date: /home/jay/ros2_ws/src/avone/install/avone/share/avone/worlds/log/build_2025-05-16_12-10-56/logger_all.log
-- Up-to-date: /home/jay/ros2_ws/src/avone/install/avone/share/avone/worlds/log/latest
-- Up-to-date: /home/jay/ros2_ws/src/avone/install/avone/share/avone/worlds/joint_control_test.sdf
-- Up-to-date: /home/jay/ros2_ws/src/avone/install/avone/share/avone/worlds/models
-- Up-to-date: /home/jay/ros2_ws/src/avone/install/avone/share/avone/worlds/models/yellow_cone
-- Up-to-date: /home/jay/ros2_ws/src/avone/install/avone/share/avone/worlds/models/yellow_cone/meshes
-- Up-to-date: /home/jay/ros2_ws/src/avone/install/avone/share/avone/worlds/models/yellow_cone/meshes/cone_yellow.dae
-- Up-to-date: /home/jay/ros2_ws/src/avone/install/avone/share/avone/worlds/models/yellow_cone/model.sdf
-- Up-to-date: /home/jay/ros2_ws/src/avone/install/avone/share/avone/worlds/models/yellow_cone/model.config
-- Up-to-date: /home/jay/ros2_ws/src/avone/install/avone/share/avone/worlds/models/blue_cone
-- Up-to-date: /home/jay/ros2_ws/src/avone/install/avone/share/avone/worlds/models/blue_cone/meshes
-- Up-to-date: /home/jay/ros2_ws/src/avone/install/avone/share/avone/worlds/models/blue_cone/meshes/cone_blue.dae
-- Up-to-date: /home/jay/ros2_ws/src/avone/install/avone/share/avone/worlds/models/blue_cone/model.sdf
-- Up-to-date: /home/jay/ros2_ws/src/avone/install/avone/share/avone/worlds/models/blue_cone/model.config
-- Up-to-date: /home/jay/ros2_ws/src/avone/install/avone/share/avone/worlds/skidpad.world
-- Up-to-date: /home/jay/ros2_ws/src/avone/install/avone/share/avone/worlds/empty.world
-- Up-to-date: /home/jay/ros2_ws/src/avone/install/avone/share/avone/worlds/install
-- Up-to-date: /home/jay/ros2_ws/src/avone/install/avone/share/avone/worlds/install/COLCON_IGNORE
-- Up-to-date: /home/jay/ros2_ws/src/avone/install/avone/share/avone/worlds/install/local_setup.zsh
-- Up-to-date: /home/jay/ros2_ws/src/avone/install/avone/share/avone/worlds/install/_local_setup_util_sh.py
-- Up-to-date: /home/jay/ros2_ws/src/avone/install/avone/share/avone/worlds/install/setup.ps1
-- Up-to-date: /home/jay/ros2_ws/src/avone/install/avone/share/avone/worlds/install/local_setup.bash
-- Up-to-date: /home/jay/ros2_ws/src/avone/install/avone/share/avone/worlds/install/local_setup.sh
-- Up-to-date: /home/jay/ros2_ws/src/avone/install/avone/share/avone/worlds/install/local_setup.ps1
-- Up-to-date: /home/jay/ros2_ws/src/avone/install/avone/share/avone/worlds/install/setup.bash
-- Up-to-date: /home/jay/ros2_ws/src/avone/install/avone/share/avone/worlds/install/_local_setup_util_ps1.py
-- Up-to-date: /home/jay/ros2_ws/src/avone/install/avone/share/avone/worlds/install/.colcon_install_layout
-- Up-to-date: /home/jay/ros2_ws/src/avone/install/avone/share/avone/worlds/install/setup.zsh
-- Up-to-date: /home/jay/ros2_ws/src/avone/install/avone/share/avone/worlds/install/setup.sh
-- Up-to-date: /home/jay/ros2_ws/src/avone/install/avone/share/avone/worlds/obstacles.world
-- Up-to-date: /home/jay/ros2_ws/src/avone/install/avone/share/avone/worlds/build
-- Up-to-date: /home/jay/ros2_ws/src/avone/install/avone/share/avone/worlds/build/COLCON_IGNORE
-- Up-to-date: /home/jay/ros2_ws/src/avone/install/avone/share/avone/worlds/build/.built_by
-- Installing: /home/jay/ros2_ws/src/avone/install/avone/lib/avone/yolo_node.py
-- Installing: /home/jay/ros2_ws/src/avone/install/avone/share/ament_index/resource_index/package_run_dependencies/avone
-- Installing: /home/jay/ros2_ws/src/avone/install/avone/share/ament_index/resource_index/parent_prefix_path/avone
-- Up-to-date: /home/jay/ros2_ws/src/avone/install/avone/share/avone/environment/ament_prefix_path.sh
-- Installing: /home/jay/ros2_ws/src/avone/install/avone/share/avone/environment/ament_prefix_path.dsv
-- Up-to-date: /home/jay/ros2_ws/src/avone/install/avone/share/avone/environment/path.sh
-- Installing: /home/jay/ros2_ws/src/avone/install/avone/share/avone/environment/path.dsv
-- Up-to-date: /home/jay/ros2_ws/src/avone/install/avone/share/avone/local_setup.bash
-- Up-to-date: /home/jay/ros2_ws/src/avone/install/avone/share/avone/local_setup.sh
-- Up-to-date: /home/jay/ros2_ws/src/avone/install/avone/share/avone/local_setup.zsh
-- Installing: /home/jay/ros2_ws/src/avone/install/avone/share/avone/local_setup.dsv
-- Installing: /home/jay/ros2_ws/src/avone/install/avone/share/avone/package.dsv
-- Up-to-date: /home/jay/ros2_ws/src/avone/install/avone/share/ament_index/resource_index/packages/avone
-- Up-to-date: /home/jay/ros2_ws/src/avone/install/avone/share/avone/cmake/avoneConfig.cmake
-- Up-to-date: /home/jay/ros2_ws/src/avone/install/avone/share/avone/cmake/avoneConfig-version.cmake
-- Installing: /home/jay/ros2_ws/src/avone/install/avone/share/avone/package.xml
