-- Install configuration: ""
-- Execute custom install script
-- Up-to-date symlink: /home/jay/ros2_ws/src/articubot_one/install/articubot_one/share/articubot_one/config/ackermann_drive_controller.yaml
-- Up-to-date symlink: /home/jay/ros2_ws/src/articubot_one/install/articubot_one/share/articubot_one/config/drive_bot.rviz
-- Up-to-date symlink: /home/jay/ros2_ws/src/articubot_one/install/articubot_one/share/articubot_one/config/empty.yaml
-- Up-to-date symlink: /home/jay/ros2_ws/src/articubot_one/install/articubot_one/share/articubot_one/config/mapper_params_online_async.yaml
-- Up-to-date symlink: /home/jay/ros2_ws/src/articubot_one/install/articubot_one/share/articubot_one/config/ros_gz_bridge.yaml
-- Up-to-date symlink: /home/jay/ros2_ws/src/articubot_one/install/articubot_one/share/articubot_one/config/view_bot.rviz
-- Up-to-date symlink: /home/jay/ros2_ws/src/articubot_one/install/articubot_one/share/articubot_one/description/assets/Chassis_Suspension.stl
-- Up-to-date symlink: /home/jay/ros2_ws/src/articubot_one/install/articubot_one/share/articubot_one/description/assets/chassis.part
-- Up-to-date symlink: /home/jay/ros2_ws/src/articubot_one/install/articubot_one/share/articubot_one/description/assets/chassis.stl
-- Up-to-date symlink: /home/jay/ros2_ws/src/articubot_one/install/articubot_one/share/articubot_one/description/assets/front_suspension.part
-- Up-to-date symlink: /home/jay/ros2_ws/src/articubot_one/install/articubot_one/share/articubot_one/description/assets/front_suspension.stl
-- Up-to-date symlink: /home/jay/ros2_ws/src/articubot_one/install/articubot_one/share/articubot_one/description/assets/front_wheel_hub.part
-- Up-to-date symlink: /home/jay/ros2_ws/src/articubot_one/install/articubot_one/share/articubot_one/description/assets/front_wheel_hub.stl
-- Up-to-date symlink: /home/jay/ros2_ws/src/articubot_one/install/articubot_one/share/articubot_one/description/assets/rear_suspension.part
-- Up-to-date symlink: /home/jay/ros2_ws/src/articubot_one/install/articubot_one/share/articubot_one/description/assets/rear_suspension.stl
-- Up-to-date symlink: /home/jay/ros2_ws/src/articubot_one/install/articubot_one/share/articubot_one/description/assets/rear_wheel_hub.part
-- Up-to-date symlink: /home/jay/ros2_ws/src/articubot_one/install/articubot_one/share/articubot_one/description/assets/rear_wheel_hub.stl
-- Up-to-date symlink: /home/jay/ros2_ws/src/articubot_one/install/articubot_one/share/articubot_one/description/assets/wheel.part
-- Up-to-date symlink: /home/jay/ros2_ws/src/articubot_one/install/articubot_one/share/articubot_one/description/assets/wheel.stl
-- Up-to-date symlink: /home/jay/ros2_ws/src/articubot_one/install/articubot_one/share/articubot_one/description/camera.xacro
-- Up-to-date symlink: /home/jay/ros2_ws/src/articubot_one/install/articubot_one/share/articubot_one/description/depthcamera.xacro
-- Up-to-date symlink: /home/jay/ros2_ws/src/articubot_one/install/articubot_one/share/articubot_one/description/gazebo_control.xacro
-- Up-to-date symlink: /home/jay/ros2_ws/src/articubot_one/install/articubot_one/share/articubot_one/description/inertial_macros.xacro
-- Up-to-date symlink: /home/jay/ros2_ws/src/articubot_one/install/articubot_one/share/articubot_one/description/lidar.xacro
-- Up-to-date symlink: /home/jay/ros2_ws/src/articubot_one/install/articubot_one/share/articubot_one/description/rgbdcamera.xacro
-- Up-to-date symlink: /home/jay/ros2_ws/src/articubot_one/install/articubot_one/share/articubot_one/description/robot.urdf.xacro
-- Up-to-date symlink: /home/jay/ros2_ws/src/articubot_one/install/articubot_one/share/articubot_one/description/robot_core.xacro
-- Up-to-date symlink: /home/jay/ros2_ws/src/articubot_one/install/articubot_one/share/articubot_one/description/ros2_control.xacro
-- Up-to-date symlink: /home/jay/ros2_ws/src/articubot_one/install/articubot_one/share/articubot_one/description/sensors.xacro
-- Up-to-date symlink: /home/jay/ros2_ws/src/articubot_one/install/articubot_one/share/articubot_one/launch/launch_sim.launch.py
-- Up-to-date symlink: /home/jay/ros2_ws/src/articubot_one/install/articubot_one/share/articubot_one/launch/rosbridge.launch.py
-- Up-to-date symlink: /home/jay/ros2_ws/src/articubot_one/install/articubot_one/share/articubot_one/launch/roscontrol.launch.py
-- Up-to-date symlink: /home/jay/ros2_ws/src/articubot_one/install/articubot_one/share/articubot_one/launch/rsp.launch.py
-- Up-to-date symlink: /home/jay/ros2_ws/src/articubot_one/install/articubot_one/share/articubot_one/launch/simple.launch.py
[33mCMake Warning (dev) at ament_cmake_symlink_install/ament_cmake_symlink_install.cmake:62 (file):
  Policy CMP0009 is not set: FILE GLOB_RECURSE calls should not follow
  symlinks by default.  Run "cmake --help-policy CMP0009" for policy details.
  Use the cmake_policy command to set the policy and suppress this warning.
Call Stack (most recent call first):
  ament_cmake_symlink_install/ament_cmake_symlink_install.cmake:314 (ament_cmake_symlink_install_directory)
  cmake_install.cmake:46 (include)
This warning is for project developers.  Use -Wno-dev to suppress it.
[0m
-- Symlinking: /home/jay/ros2_ws/src/articubot_one/install/articubot_one/share/articubot_one/worlds/build/.built_by
-- Symlinking: /home/jay/ros2_ws/src/articubot_one/install/articubot_one/share/articubot_one/worlds/build/COLCON_IGNORE
-- Up-to-date symlink: /home/jay/ros2_ws/src/articubot_one/install/articubot_one/share/articubot_one/worlds/empty.world
-- Symlinking: /home/jay/ros2_ws/src/articubot_one/install/articubot_one/share/articubot_one/worlds/install/.colcon_install_layout
-- Symlinking: /home/jay/ros2_ws/src/articubot_one/install/articubot_one/share/articubot_one/worlds/install/COLCON_IGNORE
-- Symlinking: /home/jay/ros2_ws/src/articubot_one/install/articubot_one/share/articubot_one/worlds/install/_local_setup_util_ps1.py
-- Symlinking: /home/jay/ros2_ws/src/articubot_one/install/articubot_one/share/articubot_one/worlds/install/_local_setup_util_sh.py
-- Symlinking: /home/jay/ros2_ws/src/articubot_one/install/articubot_one/share/articubot_one/worlds/install/local_setup.bash
-- Symlinking: /home/jay/ros2_ws/src/articubot_one/install/articubot_one/share/articubot_one/worlds/install/local_setup.ps1
-- Symlinking: /home/jay/ros2_ws/src/articubot_one/install/articubot_one/share/articubot_one/worlds/install/local_setup.sh
-- Symlinking: /home/jay/ros2_ws/src/articubot_one/install/articubot_one/share/articubot_one/worlds/install/local_setup.zsh
-- Symlinking: /home/jay/ros2_ws/src/articubot_one/install/articubot_one/share/articubot_one/worlds/install/setup.bash
-- Symlinking: /home/jay/ros2_ws/src/articubot_one/install/articubot_one/share/articubot_one/worlds/install/setup.ps1
-- Symlinking: /home/jay/ros2_ws/src/articubot_one/install/articubot_one/share/articubot_one/worlds/install/setup.sh
-- Symlinking: /home/jay/ros2_ws/src/articubot_one/install/articubot_one/share/articubot_one/worlds/install/setup.zsh
-- Symlinking: /home/jay/ros2_ws/src/articubot_one/install/articubot_one/share/articubot_one/worlds/joint_control_test.sdf
-- Symlinking: /home/jay/ros2_ws/src/articubot_one/install/articubot_one/share/articubot_one/worlds/log/COLCON_IGNORE
-- Symlinking: /home/jay/ros2_ws/src/articubot_one/install/articubot_one/share/articubot_one/worlds/log/build_2025-05-15_15-20-54/events.log
-- Symlinking: /home/jay/ros2_ws/src/articubot_one/install/articubot_one/share/articubot_one/worlds/log/build_2025-05-15_15-20-54/logger_all.log
-- Symlinking: /home/jay/ros2_ws/src/articubot_one/install/articubot_one/share/articubot_one/worlds/log/latest/events.log
-- Symlinking: /home/jay/ros2_ws/src/articubot_one/install/articubot_one/share/articubot_one/worlds/log/latest/logger_all.log
-- Symlinking: /home/jay/ros2_ws/src/articubot_one/install/articubot_one/share/articubot_one/worlds/log/latest_build/events.log
-- Symlinking: /home/jay/ros2_ws/src/articubot_one/install/articubot_one/share/articubot_one/worlds/log/latest_build/logger_all.log
-- Up-to-date symlink: /home/jay/ros2_ws/src/articubot_one/install/articubot_one/share/articubot_one/worlds/models/blue_cone/meshes/cone_blue.dae
-- Up-to-date symlink: /home/jay/ros2_ws/src/articubot_one/install/articubot_one/share/articubot_one/worlds/models/blue_cone/model.config
-- Up-to-date symlink: /home/jay/ros2_ws/src/articubot_one/install/articubot_one/share/articubot_one/worlds/models/blue_cone/model.sdf
-- Up-to-date symlink: /home/jay/ros2_ws/src/articubot_one/install/articubot_one/share/articubot_one/worlds/models/yellow_cone/meshes/cone_yellow.dae
-- Up-to-date symlink: /home/jay/ros2_ws/src/articubot_one/install/articubot_one/share/articubot_one/worlds/models/yellow_cone/model.config
-- Up-to-date symlink: /home/jay/ros2_ws/src/articubot_one/install/articubot_one/share/articubot_one/worlds/models/yellow_cone/model.sdf
-- Up-to-date symlink: /home/jay/ros2_ws/src/articubot_one/install/articubot_one/share/articubot_one/worlds/obstacles.world
-- Up-to-date symlink: /home/jay/ros2_ws/src/articubot_one/install/articubot_one/share/articubot_one/worlds/skidpad.world
-- Up-to-date symlink: /home/jay/ros2_ws/src/articubot_one/install/articubot_one/share/ament_index/resource_index/package_run_dependencies/articubot_one
-- Up-to-date symlink: /home/jay/ros2_ws/src/articubot_one/install/articubot_one/share/ament_index/resource_index/parent_prefix_path/articubot_one
-- Up-to-date symlink: /home/jay/ros2_ws/src/articubot_one/install/articubot_one/share/articubot_one/environment/ament_prefix_path.sh
-- Up-to-date symlink: /home/jay/ros2_ws/src/articubot_one/install/articubot_one/share/articubot_one/environment/ament_prefix_path.dsv
-- Up-to-date symlink: /home/jay/ros2_ws/src/articubot_one/install/articubot_one/share/articubot_one/environment/path.sh
-- Up-to-date symlink: /home/jay/ros2_ws/src/articubot_one/install/articubot_one/share/articubot_one/environment/path.dsv
-- Up-to-date symlink: /home/jay/ros2_ws/src/articubot_one/install/articubot_one/share/articubot_one/local_setup.bash
-- Up-to-date symlink: /home/jay/ros2_ws/src/articubot_one/install/articubot_one/share/articubot_one/local_setup.sh
-- Up-to-date symlink: /home/jay/ros2_ws/src/articubot_one/install/articubot_one/share/articubot_one/local_setup.zsh
-- Up-to-date symlink: /home/jay/ros2_ws/src/articubot_one/install/articubot_one/share/articubot_one/local_setup.dsv
-- Symlinking: /home/jay/ros2_ws/src/articubot_one/install/articubot_one/share/articubot_one/package.dsv
-- Up-to-date symlink: /home/jay/ros2_ws/src/articubot_one/install/articubot_one/share/ament_index/resource_index/packages/articubot_one
-- Up-to-date symlink: /home/jay/ros2_ws/src/articubot_one/install/articubot_one/share/articubot_one/cmake/articubot_oneConfig.cmake
-- Up-to-date symlink: /home/jay/ros2_ws/src/articubot_one/install/articubot_one/share/articubot_one/cmake/articubot_oneConfig-version.cmake
-- Up-to-date symlink: /home/jay/ros2_ws/src/articubot_one/install/articubot_one/share/articubot_one/package.xml
