[0.015s] Invoking command in '/home/jay/ros2_ws/src/avone/build/avone': CMAKE_PREFIX_PATH=${CMAKE_PREFIX_PATH}:/home/jay/ros2_ws/install/yolo_ros:/opt/ros/humble /usr/bin/cmake --build /home/jay/ros2_ws/src/avone/build/avone -- -j32 -l32
[0.061s] Invoked command in '/home/jay/ros2_ws/src/avone/build/avone' returned '0': CMAKE_PREFIX_PATH=${CMAKE_PREFIX_PATH}:/home/jay/ros2_ws/install/yolo_ros:/opt/ros/humble /usr/bin/cmake --build /home/jay/ros2_ws/src/avone/build/avone -- -j32 -l32
[0.073s] Invoking command in '/home/jay/ros2_ws/src/avone/build/avone': CMAKE_PREFIX_PATH=${CMAKE_PREFIX_PATH}:/home/jay/ros2_ws/install/yolo_ros:/opt/ros/humble /usr/bin/cmake --install /home/jay/ros2_ws/src/avone/build/avone
[0.082s] -- Install configuration: ""
[0.082s] -- Up-to-date: /home/jay/ros2_ws/src/avone/install/avone/share/avone/config
[0.082s] -- Up-to-date: /home/jay/ros2_ws/src/avone/install/avone/share/avone/config/mapper_params_online_async.yaml
[0.082s] -- Up-to-date: /home/jay/ros2_ws/src/avone/install/avone/share/avone/config/view_bot.rviz
[0.083s] -- Up-to-date: /home/jay/ros2_ws/src/avone/install/avone/share/avone/config/ros_gz_bridge.yaml
[0.083s] -- Up-to-date: /home/jay/ros2_ws/src/avone/install/avone/share/avone/config/ekf.yaml
[0.083s] -- Up-to-date: /home/jay/ros2_ws/src/avone/install/avone/share/avone/config/Nav2.yaml
[0.083s] -- Up-to-date: /home/jay/ros2_ws/src/avone/install/avone/share/avone/config/ackermann_drive_controller.yaml
[0.083s] -- Up-to-date: /home/jay/ros2_ws/src/avone/install/avone/share/avone/config/drive_bot.rviz
[0.084s] -- Up-to-date: /home/jay/ros2_ws/src/avone/install/avone/share/avone/description
[0.084s] -- Up-to-date: /home/jay/ros2_ws/src/avone/install/avone/share/avone/description/depthcamera.xacro
[0.084s] -- Up-to-date: /home/jay/ros2_ws/src/avone/install/avone/share/avone/description/camera.xacro
[0.084s] -- Up-to-date: /home/jay/ros2_ws/src/avone/install/avone/share/avone/description/robot.urdf.xacro
[0.084s] -- Up-to-date: /home/jay/ros2_ws/src/avone/install/avone/share/avone/description/sensors.xacro
[0.084s] -- Up-to-date: /home/jay/ros2_ws/src/avone/install/avone/share/avone/description/inertial_macros.xacro
[0.084s] -- Up-to-date: /home/jay/ros2_ws/src/avone/install/avone/share/avone/description/gazebo_control.xacro
[0.084s] -- Up-to-date: /home/jay/ros2_ws/src/avone/install/avone/share/avone/description/lidar.xacro
[0.084s] -- Up-to-date: /home/jay/ros2_ws/src/avone/install/avone/share/avone/description/ros2_control.xacro
[0.084s] -- Up-to-date: /home/jay/ros2_ws/src/avone/install/avone/share/avone/description/rgbdcamera.xacro
[0.085s] -- Up-to-date: /home/jay/ros2_ws/src/avone/install/avone/share/avone/description/assets
[0.085s] -- Up-to-date: /home/jay/ros2_ws/src/avone/install/avone/share/avone/description/assets/chassis.stl
[0.085s] -- Up-to-date: /home/jay/ros2_ws/src/avone/install/avone/share/avone/description/assets/rear_wheel_hub.part
[0.085s] -- Up-to-date: /home/jay/ros2_ws/src/avone/install/avone/share/avone/description/assets/front_suspension.part
[0.085s] -- Up-to-date: /home/jay/ros2_ws/src/avone/install/avone/share/avone/description/assets/wheel.stl
[0.085s] -- Up-to-date: /home/jay/ros2_ws/src/avone/install/avone/share/avone/description/assets/front_wheel_hub.stl
[0.085s] -- Up-to-date: /home/jay/ros2_ws/src/avone/install/avone/share/avone/description/assets/rear_wheel_hub.stl
[0.085s] -- Up-to-date: /home/jay/ros2_ws/src/avone/install/avone/share/avone/description/assets/front_suspension.stl
[0.086s] -- Up-to-date: /home/jay/ros2_ws/src/avone/install/avone/share/avone/description/assets/Chassis_Suspension.stl
[0.086s] -- Up-to-date: /home/jay/ros2_ws/src/avone/install/avone/share/avone/description/assets/rear_suspension.stl
[0.087s] -- Up-to-date: /home/jay/ros2_ws/src/avone/install/avone/share/avone/description/assets/wheel.part
[0.087s] -- Up-to-date: /home/jay/ros2_ws/src/avone/install/avone/share/avone/description/assets/rear_suspension.part
[0.087s] -- Up-to-date: /home/jay/ros2_ws/src/avone/install/avone/share/avone/description/assets/front_wheel_hub.part
[0.087s] -- Up-to-date: /home/jay/ros2_ws/src/avone/install/avone/share/avone/description/assets/chassis.part
[0.087s] -- Up-to-date: /home/jay/ros2_ws/src/avone/install/avone/share/avone/description/robot_core.xacro
[0.088s] -- Up-to-date: /home/jay/ros2_ws/src/avone/install/avone/share/avone/launch
[0.088s] -- Up-to-date: /home/jay/ros2_ws/src/avone/install/avone/share/avone/launch/simple.launch.py
[0.088s] -- Up-to-date: /home/jay/ros2_ws/src/avone/install/avone/share/avone/launch/launch_sim.launch.py
[0.089s] -- Up-to-date: /home/jay/ros2_ws/src/avone/install/avone/share/avone/launch/roscontrol.launch.py
[0.089s] -- Up-to-date: /home/jay/ros2_ws/src/avone/install/avone/share/avone/launch/rosbridge.launch.py
[0.089s] -- Up-to-date: /home/jay/ros2_ws/src/avone/install/avone/share/avone/launch/rsp.launch.py
[0.089s] -- Up-to-date: /home/jay/ros2_ws/src/avone/install/avone/share/avone/worlds
[0.090s] -- Up-to-date: /home/jay/ros2_ws/src/avone/install/avone/share/avone/worlds/random_cylinders.sdf
[0.090s] -- Up-to-date: /home/jay/ros2_ws/src/avone/install/avone/share/avone/worlds/log
[0.090s] -- Up-to-date: /home/jay/ros2_ws/src/avone/install/avone/share/avone/worlds/log/COLCON_IGNORE
[0.091s] -- Up-to-date: /home/jay/ros2_ws/src/avone/install/avone/share/avone/worlds/log/build_2025-05-15_15-20-54
[0.091s] -- Up-to-date: /home/jay/ros2_ws/src/avone/install/avone/share/avone/worlds/log/build_2025-05-15_15-20-54/events.log
[0.091s] -- Up-to-date: /home/jay/ros2_ws/src/avone/install/avone/share/avone/worlds/log/build_2025-05-15_15-20-54/logger_all.log
[0.092s] -- Up-to-date: /home/jay/ros2_ws/src/avone/install/avone/share/avone/worlds/log/latest_build
[0.092s] -- Up-to-date: /home/jay/ros2_ws/src/avone/install/avone/share/avone/worlds/log/build_2025-05-16_12-10-56
[0.092s] -- Up-to-date: /home/jay/ros2_ws/src/avone/install/avone/share/avone/worlds/log/build_2025-05-16_12-10-56/events.log
[0.092s] -- Up-to-date: /home/jay/ros2_ws/src/avone/install/avone/share/avone/worlds/log/build_2025-05-16_12-10-56/logger_all.log
[0.093s] -- Up-to-date: /home/jay/ros2_ws/src/avone/install/avone/share/avone/worlds/log/latest
[0.093s] -- Up-to-date: /home/jay/ros2_ws/src/avone/install/avone/share/avone/worlds/joint_control_test.sdf
[0.093s] -- Up-to-date: /home/jay/ros2_ws/src/avone/install/avone/share/avone/worlds/models
[0.093s] -- Up-to-date: /home/jay/ros2_ws/src/avone/install/avone/share/avone/worlds/models/yellow_cone
[0.093s] -- Up-to-date: /home/jay/ros2_ws/src/avone/install/avone/share/avone/worlds/models/yellow_cone/meshes
[0.093s] -- Up-to-date: /home/jay/ros2_ws/src/avone/install/avone/share/avone/worlds/models/yellow_cone/meshes/cone_yellow.dae
[0.094s] -- Up-to-date: /home/jay/ros2_ws/src/avone/install/avone/share/avone/worlds/models/yellow_cone/model.sdf
[0.094s] -- Up-to-date: /home/jay/ros2_ws/src/avone/install/avone/share/avone/worlds/models/yellow_cone/model.config
[0.094s] -- Up-to-date: /home/jay/ros2_ws/src/avone/install/avone/share/avone/worlds/models/blue_cone
[0.094s] -- Up-to-date: /home/jay/ros2_ws/src/avone/install/avone/share/avone/worlds/models/blue_cone/meshes
[0.094s] -- Up-to-date: /home/jay/ros2_ws/src/avone/install/avone/share/avone/worlds/models/blue_cone/meshes/cone_blue.dae
[0.094s] -- Up-to-date: /home/jay/ros2_ws/src/avone/install/avone/share/avone/worlds/models/blue_cone/model.sdf
[0.094s] -- Up-to-date: /home/jay/ros2_ws/src/avone/install/avone/share/avone/worlds/models/blue_cone/model.config
[0.094s] -- Up-to-date: /home/jay/ros2_ws/src/avone/install/avone/share/avone/worlds/skidpad.world
[0.095s] -- Up-to-date: /home/jay/ros2_ws/src/avone/install/avone/share/avone/worlds/empty.world
[0.095s] -- Up-to-date: /home/jay/ros2_ws/src/avone/install/avone/share/avone/worlds/install
[0.095s] -- Up-to-date: /home/jay/ros2_ws/src/avone/install/avone/share/avone/worlds/install/COLCON_IGNORE
[0.095s] -- Up-to-date: /home/jay/ros2_ws/src/avone/install/avone/share/avone/worlds/install/local_setup.zsh
[0.095s] -- Up-to-date: /home/jay/ros2_ws/src/avone/install/avone/share/avone/worlds/install/_local_setup_util_sh.py
[0.095s] -- Up-to-date: /home/jay/ros2_ws/src/avone/install/avone/share/avone/worlds/install/setup.ps1
[0.095s] -- Up-to-date: /home/jay/ros2_ws/src/avone/install/avone/share/avone/worlds/install/local_setup.bash
[0.095s] -- Up-to-date: /home/jay/ros2_ws/src/avone/install/avone/share/avone/worlds/install/local_setup.sh
[0.095s] -- Up-to-date: /home/jay/ros2_ws/src/avone/install/avone/share/avone/worlds/install/local_setup.ps1
[0.095s] -- Up-to-date: /home/jay/ros2_ws/src/avone/install/avone/share/avone/worlds/install/setup.bash
[0.095s] -- Up-to-date: /home/jay/ros2_ws/src/avone/install/avone/share/avone/worlds/install/_local_setup_util_ps1.py
[0.095s] -- Up-to-date: /home/jay/ros2_ws/src/avone/install/avone/share/avone/worlds/install/.colcon_install_layout
[0.096s] -- Up-to-date: /home/jay/ros2_ws/src/avone/install/avone/share/avone/worlds/install/setup.zsh
[0.096s] -- Up-to-date: /home/jay/ros2_ws/src/avone/install/avone/share/avone/worlds/install/setup.sh
[0.096s] -- Up-to-date: /home/jay/ros2_ws/src/avone/install/avone/share/avone/worlds/obstacles.world
[0.096s] -- Up-to-date: /home/jay/ros2_ws/src/avone/install/avone/share/avone/worlds/build
[0.096s] -- Up-to-date: /home/jay/ros2_ws/src/avone/install/avone/share/avone/worlds/build/COLCON_IGNORE
[0.096s] -- Up-to-date: /home/jay/ros2_ws/src/avone/install/avone/share/avone/worlds/build/.built_by
[0.096s] -- Up-to-date: /home/jay/ros2_ws/src/avone/install/avone/lib/avone/overlay_node.py
[0.096s] -- Up-to-date: /home/jay/ros2_ws/src/avone/install/avone/share/ament_index/resource_index/package_run_dependencies/avone
[0.096s] -- Up-to-date: /home/jay/ros2_ws/src/avone/install/avone/share/ament_index/resource_index/parent_prefix_path/avone
[0.096s] -- Up-to-date: /home/jay/ros2_ws/src/avone/install/avone/share/avone/environment/ament_prefix_path.sh
[0.096s] -- Up-to-date: /home/jay/ros2_ws/src/avone/install/avone/share/avone/environment/ament_prefix_path.dsv
[0.096s] -- Up-to-date: /home/jay/ros2_ws/src/avone/install/avone/share/avone/environment/path.sh
[0.096s] -- Up-to-date: /home/jay/ros2_ws/src/avone/install/avone/share/avone/environment/path.dsv
[0.096s] -- Up-to-date: /home/jay/ros2_ws/src/avone/install/avone/share/avone/local_setup.bash
[0.096s] -- Up-to-date: /home/jay/ros2_ws/src/avone/install/avone/share/avone/local_setup.sh
[0.096s] -- Up-to-date: /home/jay/ros2_ws/src/avone/install/avone/share/avone/local_setup.zsh
[0.097s] -- Up-to-date: /home/jay/ros2_ws/src/avone/install/avone/share/avone/local_setup.dsv
[0.097s] -- Installing: /home/jay/ros2_ws/src/avone/install/avone/share/avone/package.dsv
[0.097s] -- Up-to-date: /home/jay/ros2_ws/src/avone/install/avone/share/ament_index/resource_index/packages/avone
[0.097s] -- Up-to-date: /home/jay/ros2_ws/src/avone/install/avone/share/avone/cmake/avoneConfig.cmake
[0.097s] -- Up-to-date: /home/jay/ros2_ws/src/avone/install/avone/share/avone/cmake/avoneConfig-version.cmake
[0.097s] -- Up-to-date: /home/jay/ros2_ws/src/avone/install/avone/share/avone/package.xml
[0.097s] Invoked command in '/home/jay/ros2_ws/src/avone/build/avone' returned '0': CMAKE_PREFIX_PATH=${CMAKE_PREFIX_PATH}:/home/jay/ros2_ws/install/yolo_ros:/opt/ros/humble /usr/bin/cmake --install /home/jay/ros2_ws/src/avone/build/avone
