[0.009s] Invoking command in '/home/jay/ros2_ws/src/articubot_one/build/articubot_one': CMAKE_PREFIX_PATH=${CMAKE_PREFIX_PATH}:/opt/ros/humble /usr/bin/cmake --build /home/jay/ros2_ws/src/articubot_one/build/articubot_one -- -j32 -l32
[0.043s] Invoked command in '/home/jay/ros2_ws/src/articubot_one/build/articubot_one' returned '0': CMAKE_PREFIX_PATH=${CMAKE_PREFIX_PATH}:/opt/ros/humble /usr/bin/cmake --build /home/jay/ros2_ws/src/articubot_one/build/articubot_one -- -j32 -l32
[0.049s] Invoking command in '/home/jay/ros2_ws/src/articubot_one/build/articubot_one': CMAKE_PREFIX_PATH=${CMAKE_PREFIX_PATH}:/opt/ros/humble /usr/bin/cmake --install /home/jay/ros2_ws/src/articubot_one/build/articubot_one
[0.056s] -- Install configuration: ""
[0.056s] -- Execute custom install script
[0.056s] -- Up-to-date symlink: /home/jay/ros2_ws/src/articubot_one/install/articubot_one/share/articubot_one/config/ackermann_drive_controller.yaml
[0.056s] -- Up-to-date symlink: /home/jay/ros2_ws/src/articubot_one/install/articubot_one/share/articubot_one/config/drive_bot.rviz
[0.056s] -- Up-to-date symlink: /home/jay/ros2_ws/src/articubot_one/install/articubot_one/share/articubot_one/config/empty.yaml
[0.056s] -- Up-to-date symlink: /home/jay/ros2_ws/src/articubot_one/install/articubot_one/share/articubot_one/config/ros_gz_bridge.yaml
[0.056s] -- Up-to-date symlink: /home/jay/ros2_ws/src/articubot_one/install/articubot_one/share/articubot_one/config/view_bot.rviz
[0.056s] -- Up-to-date symlink: /home/jay/ros2_ws/src/articubot_one/install/articubot_one/share/articubot_one/description/assets/Chassis_Suspension.stl
[0.056s] -- Up-to-date symlink: /home/jay/ros2_ws/src/articubot_one/install/articubot_one/share/articubot_one/description/assets/chassis.part
[0.057s] -- Up-to-date symlink: /home/jay/ros2_ws/src/articubot_one/install/articubot_one/share/articubot_one/description/assets/chassis.stl
[0.057s] -- Up-to-date symlink: /home/jay/ros2_ws/src/articubot_one/install/articubot_one/share/articubot_one/description/assets/front_suspension.part
[0.057s] -- Up-to-date symlink: /home/jay/ros2_ws/src/articubot_one/install/articubot_one/share/articubot_one/description/assets/front_suspension.stl
[0.057s] -- Up-to-date symlink: /home/jay/ros2_ws/src/articubot_one/install/articubot_one/share/articubot_one/description/assets/front_wheel_hub.part
[0.057s] -- Up-to-date symlink: /home/jay/ros2_ws/src/articubot_one/install/articubot_one/share/articubot_one/description/assets/front_wheel_hub.stl
[0.057s] -- Up-to-date symlink: /home/jay/ros2_ws/src/articubot_one/install/articubot_one/share/articubot_one/description/assets/rear_suspension.part
[0.057s] -- Up-to-date symlink: /home/jay/ros2_ws/src/articubot_one/install/articubot_one/share/articubot_one/description/assets/rear_suspension.stl
[0.057s] -- Up-to-date symlink: /home/jay/ros2_ws/src/articubot_one/install/articubot_one/share/articubot_one/description/assets/rear_wheel_hub.part
[0.057s] -- Up-to-date symlink: /home/jay/ros2_ws/src/articubot_one/install/articubot_one/share/articubot_one/description/assets/rear_wheel_hub.stl
[0.057s] -- Up-to-date symlink: /home/jay/ros2_ws/src/articubot_one/install/articubot_one/share/articubot_one/description/assets/wheel.part
[0.057s] -- Up-to-date symlink: /home/jay/ros2_ws/src/articubot_one/install/articubot_one/share/articubot_one/description/assets/wheel.stl
[0.057s] -- Up-to-date symlink: /home/jay/ros2_ws/src/articubot_one/install/articubot_one/share/articubot_one/description/camera.xacro
[0.057s] -- Up-to-date symlink: /home/jay/ros2_ws/src/articubot_one/install/articubot_one/share/articubot_one/description/gazebo_control.xacro
[0.057s] -- Up-to-date symlink: /home/jay/ros2_ws/src/articubot_one/install/articubot_one/share/articubot_one/description/inertial_macros.xacro
[0.057s] -- Up-to-date symlink: /home/jay/ros2_ws/src/articubot_one/install/articubot_one/share/articubot_one/description/robot.urdf.xacro
[0.057s] -- Up-to-date symlink: /home/jay/ros2_ws/src/articubot_one/install/articubot_one/share/articubot_one/description/robot_core.xacro
[0.058s] -- Up-to-date symlink: /home/jay/ros2_ws/src/articubot_one/install/articubot_one/share/articubot_one/description/ros2_control.xacro
[0.058s] -- Up-to-date symlink: /home/jay/ros2_ws/src/articubot_one/install/articubot_one/share/articubot_one/launch/launch_sim.launch.py
[0.058s] -- Up-to-date symlink: /home/jay/ros2_ws/src/articubot_one/install/articubot_one/share/articubot_one/launch/rosbridge.launch.py
[0.058s] -- Up-to-date symlink: /home/jay/ros2_ws/src/articubot_one/install/articubot_one/share/articubot_one/launch/roscontrol.launch.py
[0.058s] -- Up-to-date symlink: /home/jay/ros2_ws/src/articubot_one/install/articubot_one/share/articubot_one/launch/rsp.launch.py
[0.058s] -- Up-to-date symlink: /home/jay/ros2_ws/src/articubot_one/install/articubot_one/share/articubot_one/launch/simple.launch.py
[0.058s] -- Up-to-date symlink: /home/jay/ros2_ws/src/articubot_one/install/articubot_one/share/articubot_one/worlds/empty.world
[0.058s] -- Up-to-date symlink: /home/jay/ros2_ws/src/articubot_one/install/articubot_one/share/articubot_one/worlds/models/blue_cone/meshes/cone_blue.dae
[0.058s] -- Up-to-date symlink: /home/jay/ros2_ws/src/articubot_one/install/articubot_one/share/articubot_one/worlds/models/blue_cone/model.config
[0.058s] -- Up-to-date symlink: /home/jay/ros2_ws/src/articubot_one/install/articubot_one/share/articubot_one/worlds/models/blue_cone/model.sdf
[0.058s] -- Up-to-date symlink: /home/jay/ros2_ws/src/articubot_one/install/articubot_one/share/articubot_one/worlds/models/yellow_cone/meshes/cone_yellow.dae
[0.058s] -- Up-to-date symlink: /home/jay/ros2_ws/src/articubot_one/install/articubot_one/share/articubot_one/worlds/models/yellow_cone/model.config
[0.058s] -- Up-to-date symlink: /home/jay/ros2_ws/src/articubot_one/install/articubot_one/share/articubot_one/worlds/models/yellow_cone/model.sdf
[0.058s] -- Up-to-date symlink: /home/jay/ros2_ws/src/articubot_one/install/articubot_one/share/articubot_one/worlds/obstacles.world
[0.058s] -- Up-to-date symlink: /home/jay/ros2_ws/src/articubot_one/install/articubot_one/share/articubot_one/worlds/skidpad.world
[0.058s] -- Up-to-date symlink: /home/jay/ros2_ws/src/articubot_one/install/articubot_one/share/ament_index/resource_index/package_run_dependencies/articubot_one
[0.058s] -- Up-to-date symlink: /home/jay/ros2_ws/src/articubot_one/install/articubot_one/share/ament_index/resource_index/parent_prefix_path/articubot_one
[0.058s] -- Up-to-date symlink: /home/jay/ros2_ws/src/articubot_one/install/articubot_one/share/articubot_one/environment/ament_prefix_path.sh
[0.058s] -- Up-to-date symlink: /home/jay/ros2_ws/src/articubot_one/install/articubot_one/share/articubot_one/environment/ament_prefix_path.dsv
[0.058s] -- Up-to-date symlink: /home/jay/ros2_ws/src/articubot_one/install/articubot_one/share/articubot_one/environment/path.sh
[0.058s] -- Up-to-date symlink: /home/jay/ros2_ws/src/articubot_one/install/articubot_one/share/articubot_one/environment/path.dsv
[0.058s] -- Up-to-date symlink: /home/jay/ros2_ws/src/articubot_one/install/articubot_one/share/articubot_one/local_setup.bash
[0.059s] -- Up-to-date symlink: /home/jay/ros2_ws/src/articubot_one/install/articubot_one/share/articubot_one/local_setup.sh
[0.059s] -- Up-to-date symlink: /home/jay/ros2_ws/src/articubot_one/install/articubot_one/share/articubot_one/local_setup.zsh
[0.059s] -- Up-to-date symlink: /home/jay/ros2_ws/src/articubot_one/install/articubot_one/share/articubot_one/local_setup.dsv
[0.059s] -- Symlinking: /home/jay/ros2_ws/src/articubot_one/install/articubot_one/share/articubot_one/package.dsv
[0.064s] -- Up-to-date symlink: /home/jay/ros2_ws/src/articubot_one/install/articubot_one/share/ament_index/resource_index/packages/articubot_one
[0.065s] -- Up-to-date symlink: /home/jay/ros2_ws/src/articubot_one/install/articubot_one/share/articubot_one/cmake/articubot_oneConfig.cmake
[0.065s] -- Up-to-date symlink: /home/jay/ros2_ws/src/articubot_one/install/articubot_one/share/articubot_one/cmake/articubot_oneConfig-version.cmake
[0.065s] -- Up-to-date symlink: /home/jay/ros2_ws/src/articubot_one/install/articubot_one/share/articubot_one/package.xml
[0.066s] Invoked command in '/home/jay/ros2_ws/src/articubot_one/build/articubot_one' returned '0': CMAKE_PREFIX_PATH=${CMAKE_PREFIX_PATH}:/opt/ros/humble /usr/bin/cmake --install /home/jay/ros2_ws/src/articubot_one/build/articubot_one
