[0.009s] Invoking command in '/home/jay/ros2_ws/src/articubot_one/build/articubot_one': CMAKE_PREFIX_PATH=${CMAKE_PREFIX_PATH}:/opt/ros/humble /usr/bin/cmake --build /home/jay/ros2_ws/src/articubot_one/build/articubot_one -- -j32 -l32
[0.030s] -- Found ament_cmake: 1.3.11 (/opt/ros/humble/share/ament_cmake/cmake)
[0.122s] -- Override CMake install command with custom implementation using symlinks instead of copying resources
[0.127s] -- Found ament_lint_auto: 0.12.12 (/opt/ros/humble/share/ament_lint_auto/cmake)
[0.174s] -- Added test 'copyright' to check source files copyright and LICENSE
[0.217s] -- Added test 'cppcheck' to perform static code analysis on C / C++ code
[0.217s] -- Configured cppcheck include dirs: 
[0.217s] -- Configured cppcheck exclude dirs and/or files: 
[0.258s] -- Added test 'cpplint' to check C / C++ code against the Google style
[0.259s] -- Configured cpplint exclude dirs and/or files: 
[0.264s] -- Added test 'flake8' to check Python code syntax and style conventions
[0.274s] -- Added test 'lint_cmake' to check CMake code style
[0.279s] -- Added test 'pep257' to check Python code against some of the docstring style conventions in PEP 257
[0.320s] -- Added test 'uncrustify' to check C / C++ code style
[0.320s] -- Configured uncrustify additional arguments: 
[0.325s] -- Added test 'xmllint' to check XML markup files
[0.335s] -- Configuring done
[0.337s] -- Generating done
[0.338s] -- Build files have been written to: /home/jay/ros2_ws/src/articubot_one/build/articubot_one
[0.363s] Invoked command in '/home/jay/ros2_ws/src/articubot_one/build/articubot_one' returned '0': CMAKE_PREFIX_PATH=${CMAKE_PREFIX_PATH}:/opt/ros/humble /usr/bin/cmake --build /home/jay/ros2_ws/src/articubot_one/build/articubot_one -- -j32 -l32
[0.376s] Invoking command in '/home/jay/ros2_ws/src/articubot_one/build/articubot_one': CMAKE_PREFIX_PATH=${CMAKE_PREFIX_PATH}:/opt/ros/humble /usr/bin/cmake --install /home/jay/ros2_ws/src/articubot_one/build/articubot_one
[0.385s] -- Install configuration: ""
[0.386s] -- Execute custom install script
[0.386s] -- Up-to-date symlink: /home/jay/ros2_ws/src/articubot_one/install/articubot_one/share/articubot_one/config/ackermann_drive_controller.yaml
[0.386s] -- Up-to-date symlink: /home/jay/ros2_ws/src/articubot_one/install/articubot_one/share/articubot_one/config/drive_bot.rviz
[0.386s] -- Up-to-date symlink: /home/jay/ros2_ws/src/articubot_one/install/articubot_one/share/articubot_one/config/ekf.yaml
[0.386s] -- Up-to-date symlink: /home/jay/ros2_ws/src/articubot_one/install/articubot_one/share/articubot_one/config/mapper_params_online_async.yaml
[0.386s] -- Up-to-date symlink: /home/jay/ros2_ws/src/articubot_one/install/articubot_one/share/articubot_one/config/ros_gz_bridge.yaml
[0.386s] -- Up-to-date symlink: /home/jay/ros2_ws/src/articubot_one/install/articubot_one/share/articubot_one/config/view_bot.rviz
[0.387s] -- Up-to-date symlink: /home/jay/ros2_ws/src/articubot_one/install/articubot_one/share/articubot_one/description/assets/Chassis_Suspension.stl
[0.387s] -- Up-to-date symlink: /home/jay/ros2_ws/src/articubot_one/install/articubot_one/share/articubot_one/description/assets/chassis.part
[0.387s] -- Up-to-date symlink: /home/jay/ros2_ws/src/articubot_one/install/articubot_one/share/articubot_one/description/assets/chassis.stl
[0.387s] -- Up-to-date symlink: /home/jay/ros2_ws/src/articubot_one/install/articubot_one/share/articubot_one/description/assets/front_suspension.part
[0.387s] -- Up-to-date symlink: /home/jay/ros2_ws/src/articubot_one/install/articubot_one/share/articubot_one/description/assets/front_suspension.stl
[0.387s] -- Up-to-date symlink: /home/jay/ros2_ws/src/articubot_one/install/articubot_one/share/articubot_one/description/assets/front_wheel_hub.part
[0.387s] -- Up-to-date symlink: /home/jay/ros2_ws/src/articubot_one/install/articubot_one/share/articubot_one/description/assets/front_wheel_hub.stl
[0.387s] -- Up-to-date symlink: /home/jay/ros2_ws/src/articubot_one/install/articubot_one/share/articubot_one/description/assets/rear_suspension.part
[0.387s] -- Up-to-date symlink: /home/jay/ros2_ws/src/articubot_one/install/articubot_one/share/articubot_one/description/assets/rear_suspension.stl
[0.387s] -- Up-to-date symlink: /home/jay/ros2_ws/src/articubot_one/install/articubot_one/share/articubot_one/description/assets/rear_wheel_hub.part
[0.387s] -- Up-to-date symlink: /home/jay/ros2_ws/src/articubot_one/install/articubot_one/share/articubot_one/description/assets/rear_wheel_hub.stl
[0.387s] -- Up-to-date symlink: /home/jay/ros2_ws/src/articubot_one/install/articubot_one/share/articubot_one/description/assets/wheel.part
[0.388s] -- Up-to-date symlink: /home/jay/ros2_ws/src/articubot_one/install/articubot_one/share/articubot_one/description/assets/wheel.stl
[0.388s] -- Up-to-date symlink: /home/jay/ros2_ws/src/articubot_one/install/articubot_one/share/articubot_one/description/camera.xacro
[0.388s] -- Up-to-date symlink: /home/jay/ros2_ws/src/articubot_one/install/articubot_one/share/articubot_one/description/depthcamera.xacro
[0.388s] -- Up-to-date symlink: /home/jay/ros2_ws/src/articubot_one/install/articubot_one/share/articubot_one/description/gazebo_control.xacro
[0.388s] -- Up-to-date symlink: /home/jay/ros2_ws/src/articubot_one/install/articubot_one/share/articubot_one/description/inertial_macros.xacro
[0.388s] -- Up-to-date symlink: /home/jay/ros2_ws/src/articubot_one/install/articubot_one/share/articubot_one/description/lidar.xacro
[0.388s] -- Up-to-date symlink: /home/jay/ros2_ws/src/articubot_one/install/articubot_one/share/articubot_one/description/rgbdcamera.xacro
[0.388s] -- Up-to-date symlink: /home/jay/ros2_ws/src/articubot_one/install/articubot_one/share/articubot_one/description/robot.urdf.xacro
[0.388s] -- Up-to-date symlink: /home/jay/ros2_ws/src/articubot_one/install/articubot_one/share/articubot_one/description/robot_core.xacro
[0.388s] -- Up-to-date symlink: /home/jay/ros2_ws/src/articubot_one/install/articubot_one/share/articubot_one/description/ros2_control.xacro
[0.388s] -- Up-to-date symlink: /home/jay/ros2_ws/src/articubot_one/install/articubot_one/share/articubot_one/description/sensors.xacro
[0.388s] -- Up-to-date symlink: /home/jay/ros2_ws/src/articubot_one/install/articubot_one/share/articubot_one/launch/launch_sim.launch.py
[0.388s] -- Up-to-date symlink: /home/jay/ros2_ws/src/articubot_one/install/articubot_one/share/articubot_one/launch/rosbridge.launch.py
[0.388s] -- Up-to-date symlink: /home/jay/ros2_ws/src/articubot_one/install/articubot_one/share/articubot_one/launch/roscontrol.launch.py
[0.389s] -- Up-to-date symlink: /home/jay/ros2_ws/src/articubot_one/install/articubot_one/share/articubot_one/launch/rsp.launch.py
[0.389s] -- Up-to-date symlink: /home/jay/ros2_ws/src/articubot_one/install/articubot_one/share/articubot_one/launch/simple.launch.py
[0.389s] [33mCMake Warning (dev) at ament_cmake_symlink_install/ament_cmake_symlink_install.cmake:62 (file):
[0.389s]   Policy CMP0009 is not set: FILE GLOB_RECURSE calls should not follow
[0.389s]   symlinks by default.  Run "cmake --help-policy CMP0009" for policy details.
[0.389s]   Use the cmake_policy command to set the policy and suppress this warning.
[0.389s] Call Stack (most recent call first):
[0.389s]   ament_cmake_symlink_install/ament_cmake_symlink_install.cmake:314 (ament_cmake_symlink_install_directory)
[0.389s]   cmake_install.cmake:46 (include)
[0.389s] This warning is for project developers.  Use -Wno-dev to suppress it.
[0.390s] [0m
[0.390s] -- Up-to-date symlink: /home/jay/ros2_ws/src/articubot_one/install/articubot_one/share/articubot_one/worlds/build/.built_by
[0.390s] -- Up-to-date symlink: /home/jay/ros2_ws/src/articubot_one/install/articubot_one/share/articubot_one/worlds/build/COLCON_IGNORE
[0.390s] -- Up-to-date symlink: /home/jay/ros2_ws/src/articubot_one/install/articubot_one/share/articubot_one/worlds/empty.world
[0.390s] -- Up-to-date symlink: /home/jay/ros2_ws/src/articubot_one/install/articubot_one/share/articubot_one/worlds/install/.colcon_install_layout
[0.390s] -- Up-to-date symlink: /home/jay/ros2_ws/src/articubot_one/install/articubot_one/share/articubot_one/worlds/install/COLCON_IGNORE
[0.390s] -- Up-to-date symlink: /home/jay/ros2_ws/src/articubot_one/install/articubot_one/share/articubot_one/worlds/install/_local_setup_util_ps1.py
[0.390s] -- Up-to-date symlink: /home/jay/ros2_ws/src/articubot_one/install/articubot_one/share/articubot_one/worlds/install/_local_setup_util_sh.py
[0.390s] -- Up-to-date symlink: /home/jay/ros2_ws/src/articubot_one/install/articubot_one/share/articubot_one/worlds/install/local_setup.bash
[0.390s] -- Up-to-date symlink: /home/jay/ros2_ws/src/articubot_one/install/articubot_one/share/articubot_one/worlds/install/local_setup.ps1
[0.390s] -- Up-to-date symlink: /home/jay/ros2_ws/src/articubot_one/install/articubot_one/share/articubot_one/worlds/install/local_setup.sh
[0.390s] -- Up-to-date symlink: /home/jay/ros2_ws/src/articubot_one/install/articubot_one/share/articubot_one/worlds/install/local_setup.zsh
[0.390s] -- Up-to-date symlink: /home/jay/ros2_ws/src/articubot_one/install/articubot_one/share/articubot_one/worlds/install/setup.bash
[0.390s] -- Up-to-date symlink: /home/jay/ros2_ws/src/articubot_one/install/articubot_one/share/articubot_one/worlds/install/setup.ps1
[0.390s] -- Up-to-date symlink: /home/jay/ros2_ws/src/articubot_one/install/articubot_one/share/articubot_one/worlds/install/setup.sh
[0.390s] -- Up-to-date symlink: /home/jay/ros2_ws/src/articubot_one/install/articubot_one/share/articubot_one/worlds/install/setup.zsh
[0.391s] -- Up-to-date symlink: /home/jay/ros2_ws/src/articubot_one/install/articubot_one/share/articubot_one/worlds/joint_control_test.sdf
[0.391s] -- Up-to-date symlink: /home/jay/ros2_ws/src/articubot_one/install/articubot_one/share/articubot_one/worlds/log/COLCON_IGNORE
[0.391s] -- Up-to-date symlink: /home/jay/ros2_ws/src/articubot_one/install/articubot_one/share/articubot_one/worlds/log/build_2025-05-15_15-20-54/events.log
[0.391s] -- Up-to-date symlink: /home/jay/ros2_ws/src/articubot_one/install/articubot_one/share/articubot_one/worlds/log/build_2025-05-15_15-20-54/logger_all.log
[0.391s] -- Up-to-date symlink: /home/jay/ros2_ws/src/articubot_one/install/articubot_one/share/articubot_one/worlds/log/build_2025-05-16_12-10-56/events.log
[0.391s] -- Up-to-date symlink: /home/jay/ros2_ws/src/articubot_one/install/articubot_one/share/articubot_one/worlds/log/build_2025-05-16_12-10-56/logger_all.log
[0.391s] -- Up-to-date symlink: /home/jay/ros2_ws/src/articubot_one/install/articubot_one/share/articubot_one/worlds/log/latest/events.log
[0.391s] -- Up-to-date symlink: /home/jay/ros2_ws/src/articubot_one/install/articubot_one/share/articubot_one/worlds/log/latest/logger_all.log
[0.391s] -- Up-to-date symlink: /home/jay/ros2_ws/src/articubot_one/install/articubot_one/share/articubot_one/worlds/log/latest_build/events.log
[0.391s] -- Up-to-date symlink: /home/jay/ros2_ws/src/articubot_one/install/articubot_one/share/articubot_one/worlds/log/latest_build/logger_all.log
[0.391s] -- Up-to-date symlink: /home/jay/ros2_ws/src/articubot_one/install/articubot_one/share/articubot_one/worlds/models/blue_cone/meshes/cone_blue.dae
[0.391s] -- Up-to-date symlink: /home/jay/ros2_ws/src/articubot_one/install/articubot_one/share/articubot_one/worlds/models/blue_cone/model.config
[0.391s] -- Up-to-date symlink: /home/jay/ros2_ws/src/articubot_one/install/articubot_one/share/articubot_one/worlds/models/blue_cone/model.sdf
[0.391s] -- Up-to-date symlink: /home/jay/ros2_ws/src/articubot_one/install/articubot_one/share/articubot_one/worlds/models/yellow_cone/meshes/cone_yellow.dae
[0.392s] -- Up-to-date symlink: /home/jay/ros2_ws/src/articubot_one/install/articubot_one/share/articubot_one/worlds/models/yellow_cone/model.config
[0.392s] -- Up-to-date symlink: /home/jay/ros2_ws/src/articubot_one/install/articubot_one/share/articubot_one/worlds/models/yellow_cone/model.sdf
[0.392s] -- Up-to-date symlink: /home/jay/ros2_ws/src/articubot_one/install/articubot_one/share/articubot_one/worlds/obstacles.world
[0.392s] -- Up-to-date symlink: /home/jay/ros2_ws/src/articubot_one/install/articubot_one/share/articubot_one/worlds/random_cylinders.sdf
[0.392s] -- Up-to-date symlink: /home/jay/ros2_ws/src/articubot_one/install/articubot_one/share/articubot_one/worlds/skidpad.world
[0.392s] -- Up-to-date symlink: /home/jay/ros2_ws/src/articubot_one/install/articubot_one/share/ament_index/resource_index/package_run_dependencies/articubot_one
[0.392s] -- Up-to-date symlink: /home/jay/ros2_ws/src/articubot_one/install/articubot_one/share/ament_index/resource_index/parent_prefix_path/articubot_one
[0.392s] -- Up-to-date symlink: /home/jay/ros2_ws/src/articubot_one/install/articubot_one/share/articubot_one/environment/ament_prefix_path.sh
[0.392s] -- Up-to-date symlink: /home/jay/ros2_ws/src/articubot_one/install/articubot_one/share/articubot_one/environment/ament_prefix_path.dsv
[0.392s] -- Up-to-date symlink: /home/jay/ros2_ws/src/articubot_one/install/articubot_one/share/articubot_one/environment/path.sh
[0.392s] -- Up-to-date symlink: /home/jay/ros2_ws/src/articubot_one/install/articubot_one/share/articubot_one/environment/path.dsv
[0.393s] -- Up-to-date symlink: /home/jay/ros2_ws/src/articubot_one/install/articubot_one/share/articubot_one/local_setup.bash
[0.393s] -- Up-to-date symlink: /home/jay/ros2_ws/src/articubot_one/install/articubot_one/share/articubot_one/local_setup.sh
[0.393s] -- Up-to-date symlink: /home/jay/ros2_ws/src/articubot_one/install/articubot_one/share/articubot_one/local_setup.zsh
[0.393s] -- Up-to-date symlink: /home/jay/ros2_ws/src/articubot_one/install/articubot_one/share/articubot_one/local_setup.dsv
[0.393s] -- Symlinking: /home/jay/ros2_ws/src/articubot_one/install/articubot_one/share/articubot_one/package.dsv
[0.403s] -- Up-to-date symlink: /home/jay/ros2_ws/src/articubot_one/install/articubot_one/share/ament_index/resource_index/packages/articubot_one
[0.403s] -- Up-to-date symlink: /home/jay/ros2_ws/src/articubot_one/install/articubot_one/share/articubot_one/cmake/articubot_oneConfig.cmake
[0.403s] -- Up-to-date symlink: /home/jay/ros2_ws/src/articubot_one/install/articubot_one/share/articubot_one/cmake/articubot_oneConfig-version.cmake
[0.403s] -- Up-to-date symlink: /home/jay/ros2_ws/src/articubot_one/install/articubot_one/share/articubot_one/package.xml
[0.404s] Invoked command in '/home/jay/ros2_ws/src/articubot_one/build/articubot_one' returned '0': CMAKE_PREFIX_PATH=${CMAKE_PREFIX_PATH}:/opt/ros/humble /usr/bin/cmake --install /home/jay/ros2_ws/src/articubot_one/build/articubot_one
