-- Install configuration: ""
-- Execute custom install script
-- Up-to-date symlink: /home/jay/ros2_ws/src/articubot_one/install/articubot_one/share/articubot_one/config/ackermann_drive_controller.yaml
-- Up-to-date symlink: /home/jay/ros2_ws/src/articubot_one/install/articubot_one/share/articubot_one/config/drive_bot.rviz
-- Up-to-date symlink: /home/jay/ros2_ws/src/articubot_one/install/articubot_one/share/articubot_one/config/empty.yaml
-- Up-to-date symlink: /home/jay/ros2_ws/src/articubot_one/install/articubot_one/share/articubot_one/config/ros_gz_bridge.yaml
-- Up-to-date symlink: /home/jay/ros2_ws/src/articubot_one/install/articubot_one/share/articubot_one/config/view_bot.rviz
-- Up-to-date symlink: /home/jay/ros2_ws/src/articubot_one/install/articubot_one/share/articubot_one/description/assets/Chassis_Suspension.stl
-- Up-to-date symlink: /home/jay/ros2_ws/src/articubot_one/install/articubot_one/share/articubot_one/description/assets/chassis.part
-- Up-to-date symlink: /home/jay/ros2_ws/src/articubot_one/install/articubot_one/share/articubot_one/description/assets/chassis.stl
-- Up-to-date symlink: /home/jay/ros2_ws/src/articubot_one/install/articubot_one/share/articubot_one/description/assets/front_suspension.part
-- Up-to-date symlink: /home/jay/ros2_ws/src/articubot_one/install/articubot_one/share/articubot_one/description/assets/front_suspension.stl
-- Up-to-date symlink: /home/jay/ros2_ws/src/articubot_one/install/articubot_one/share/articubot_one/description/assets/front_wheel_hub.part
-- Up-to-date symlink: /home/jay/ros2_ws/src/articubot_one/install/articubot_one/share/articubot_one/description/assets/front_wheel_hub.stl
-- Up-to-date symlink: /home/jay/ros2_ws/src/articubot_one/install/articubot_one/share/articubot_one/description/assets/rear_suspension.part
-- Up-to-date symlink: /home/jay/ros2_ws/src/articubot_one/install/articubot_one/share/articubot_one/description/assets/rear_suspension.stl
-- Up-to-date symlink: /home/jay/ros2_ws/src/articubot_one/install/articubot_one/share/articubot_one/description/assets/rear_wheel_hub.part
-- Up-to-date symlink: /home/jay/ros2_ws/src/articubot_one/install/articubot_one/share/articubot_one/description/assets/rear_wheel_hub.stl
-- Up-to-date symlink: /home/jay/ros2_ws/src/articubot_one/install/articubot_one/share/articubot_one/description/assets/wheel.part
-- Up-to-date symlink: /home/jay/ros2_ws/src/articubot_one/install/articubot_one/share/articubot_one/description/assets/wheel.stl
-- Up-to-date symlink: /home/jay/ros2_ws/src/articubot_one/install/articubot_one/share/articubot_one/description/gazebo_control.xacro
-- Up-to-date symlink: /home/jay/ros2_ws/src/articubot_one/install/articubot_one/share/articubot_one/description/inertial_macros.xacro
-- Up-to-date symlink: /home/jay/ros2_ws/src/articubot_one/install/articubot_one/share/articubot_one/description/robot.urdf.xacro
-- Up-to-date symlink: /home/jay/ros2_ws/src/articubot_one/install/articubot_one/share/articubot_one/description/robot_core.xacro
-- Up-to-date symlink: /home/jay/ros2_ws/src/articubot_one/install/articubot_one/share/articubot_one/description/ros2_control.xacro
-- Up-to-date symlink: /home/jay/ros2_ws/src/articubot_one/install/articubot_one/share/articubot_one/launch/launch_sim.launch.py
-- Up-to-date symlink: /home/jay/ros2_ws/src/articubot_one/install/articubot_one/share/articubot_one/launch/rosbridge.launch.py
-- Up-to-date symlink: /home/jay/ros2_ws/src/articubot_one/install/articubot_one/share/articubot_one/launch/roscontrol.launch.py
-- Up-to-date symlink: /home/jay/ros2_ws/src/articubot_one/install/articubot_one/share/articubot_one/launch/rsp.launch.py
-- Up-to-date symlink: /home/jay/ros2_ws/src/articubot_one/install/articubot_one/share/articubot_one/launch/simple.launch.py
-- Up-to-date symlink: /home/jay/ros2_ws/src/articubot_one/install/articubot_one/share/articubot_one/worlds/empty.world
-- Symlinking: /home/jay/ros2_ws/src/articubot_one/install/articubot_one/share/articubot_one/worlds/models/blue_cone/meshes/cone_blue.dae
-- Symlinking: /home/jay/ros2_ws/src/articubot_one/install/articubot_one/share/articubot_one/worlds/models/blue_cone/model.config
-- Symlinking: /home/jay/ros2_ws/src/articubot_one/install/articubot_one/share/articubot_one/worlds/models/blue_cone/model.sdf
-- Symlinking: /home/jay/ros2_ws/src/articubot_one/install/articubot_one/share/articubot_one/worlds/models/yellow_cone/meshes/cone_yellow.dae
-- Symlinking: /home/jay/ros2_ws/src/articubot_one/install/articubot_one/share/articubot_one/worlds/models/yellow_cone/model.config
-- Symlinking: /home/jay/ros2_ws/src/articubot_one/install/articubot_one/share/articubot_one/worlds/models/yellow_cone/model.sdf
-- Up-to-date symlink: /home/jay/ros2_ws/src/articubot_one/install/articubot_one/share/articubot_one/worlds/obstacles.world
-- Symlinking: /home/jay/ros2_ws/src/articubot_one/install/articubot_one/share/articubot_one/worlds/skidpad.world
-- Up-to-date symlink: /home/jay/ros2_ws/src/articubot_one/install/articubot_one/share/ament_index/resource_index/package_run_dependencies/articubot_one
-- Up-to-date symlink: /home/jay/ros2_ws/src/articubot_one/install/articubot_one/share/ament_index/resource_index/parent_prefix_path/articubot_one
-- Up-to-date symlink: /home/jay/ros2_ws/src/articubot_one/install/articubot_one/share/articubot_one/environment/ament_prefix_path.sh
-- Up-to-date symlink: /home/jay/ros2_ws/src/articubot_one/install/articubot_one/share/articubot_one/environment/ament_prefix_path.dsv
-- Up-to-date symlink: /home/jay/ros2_ws/src/articubot_one/install/articubot_one/share/articubot_one/environment/path.sh
-- Up-to-date symlink: /home/jay/ros2_ws/src/articubot_one/install/articubot_one/share/articubot_one/environment/path.dsv
-- Up-to-date symlink: /home/jay/ros2_ws/src/articubot_one/install/articubot_one/share/articubot_one/local_setup.bash
-- Up-to-date symlink: /home/jay/ros2_ws/src/articubot_one/install/articubot_one/share/articubot_one/local_setup.sh
-- Up-to-date symlink: /home/jay/ros2_ws/src/articubot_one/install/articubot_one/share/articubot_one/local_setup.zsh
-- Up-to-date symlink: /home/jay/ros2_ws/src/articubot_one/install/articubot_one/share/articubot_one/local_setup.dsv
-- Symlinking: /home/jay/ros2_ws/src/articubot_one/install/articubot_one/share/articubot_one/package.dsv
-- Up-to-date symlink: /home/jay/ros2_ws/src/articubot_one/install/articubot_one/share/ament_index/resource_index/packages/articubot_one
-- Up-to-date symlink: /home/jay/ros2_ws/src/articubot_one/install/articubot_one/share/articubot_one/cmake/articubot_oneConfig.cmake
-- Up-to-date symlink: /home/jay/ros2_ws/src/articubot_one/install/articubot_one/share/articubot_one/cmake/articubot_oneConfig-version.cmake
-- Up-to-date symlink: /home/jay/ros2_ws/src/articubot_one/install/articubot_one/share/articubot_one/package.xml
