[0.066s] DEBUG:colcon:Command line arguments: ['/usr/bin/colcon', 'build']
[0.066s] DEBUG:colcon:Parsed command line arguments: Namespace(log_base=None, log_level=None, verb_name='build', build_base='build', install_base='install', merge_install=False, symlink_install=False, test_result_base=None, continue_on_error=False, executor='parallel', parallel_workers=32, event_handlers=None, ignore_user_meta=False, metas=['./colcon.meta'], base_paths=['.'], packages_ignore=None, packages_ignore_regex=None, paths=None, packages_up_to=None, packages_up_to_regex=None, packages_above=None, packages_above_and_dependencies=None, packages_above_depth=None, packages_select_by_dep=None, packages_skip_by_dep=None, packages_skip_up_to=None, packages_select_build_failed=False, packages_skip_build_finished=False, packages_select_test_failures=False, packages_skip_test_passed=False, packages_select=None, packages_skip=None, packages_select_regex=None, packages_skip_regex=None, packages_start=None, packages_end=None, allow_overriding=[], cmake_args=None, cmake_target=None, cmake_target_skip_unavailable=False, cmake_clean_cache=False, cmake_clean_first=False, cmake_force_configure=False, ament_cmake_args=None, catkin_cmake_args=None, catkin_skip_building_tests=False, mixin_files=None, mixin=None, verb_parser=<colcon_mixin.mixin.mixin_argument.MixinArgumentDecorator object at 0x7ea4ba57c040>, verb_extension=<colcon_core.verb.build.BuildVerb object at 0x7ea4ba547a90>, main=<bound method BuildVerb.main of <colcon_core.verb.build.BuildVerb object at 0x7ea4ba547a90>>, mixin_verb=('build',))
[0.163s] Level 1:colcon.colcon_core.package_discovery:discover_packages(colcon_meta) check parameters
[0.163s] Level 1:colcon.colcon_core.package_discovery:discover_packages(recursive) check parameters
[0.163s] Level 1:colcon.colcon_core.package_discovery:discover_packages(ignore) check parameters
[0.163s] Level 1:colcon.colcon_core.package_discovery:discover_packages(path) check parameters
[0.163s] Level 1:colcon.colcon_core.package_discovery:discover_packages(colcon_meta) discover
[0.163s] Level 1:colcon.colcon_core.package_discovery:discover_packages(recursive) discover
[0.163s] INFO:colcon.colcon_core.package_discovery:Crawling recursively for packages in '/home/jay/ros2_ws/src/articubot_one'
[0.163s] Level 1:colcon.colcon_core.package_identification:_identify(.) by extensions ['ignore', 'ignore_ament_install']
[0.163s] Level 1:colcon.colcon_core.package_identification:_identify(.) by extension 'ignore'
[0.163s] Level 1:colcon.colcon_core.package_identification:_identify(.) by extension 'ignore_ament_install'
[0.163s] Level 1:colcon.colcon_core.package_identification:_identify(.) by extensions ['colcon_pkg']
[0.163s] Level 1:colcon.colcon_core.package_identification:_identify(.) by extension 'colcon_pkg'
[0.163s] Level 1:colcon.colcon_core.package_identification:_identify(.) by extensions ['colcon_meta']
[0.163s] Level 1:colcon.colcon_core.package_identification:_identify(.) by extension 'colcon_meta'
[0.163s] Level 1:colcon.colcon_core.package_identification:_identify(.) by extensions ['ros']
[0.163s] Level 1:colcon.colcon_core.package_identification:_identify(.) by extension 'ros'
[0.172s] DEBUG:colcon.colcon_core.package_identification:Package '.' with type 'ros.ament_cmake' and name 'articubot_one'
[0.172s] Level 1:colcon.colcon_core.package_discovery:discover_packages(recursive) using defaults
[0.172s] Level 1:colcon.colcon_core.package_discovery:discover_packages(ignore) discover
[0.172s] Level 1:colcon.colcon_core.package_discovery:discover_packages(ignore) using defaults
[0.172s] Level 1:colcon.colcon_core.package_discovery:discover_packages(path) discover
[0.172s] Level 1:colcon.colcon_core.package_discovery:discover_packages(path) using defaults
[0.189s] Level 1:colcon.colcon_core.package_discovery:discover_packages(prefix_path) check parameters
[0.189s] Level 1:colcon.colcon_core.package_discovery:discover_packages(prefix_path) discover
[0.190s] WARNING:colcon.colcon_core.prefix_path.colcon:The path '/home/jay/ros2_ws/install' in the environment variable COLCON_PREFIX_PATH doesn't exist
[0.190s] WARNING:colcon.colcon_ros.prefix_path.ament:The path '/home/jay/ros2_ws/install/ros2_controllers' in the environment variable AMENT_PREFIX_PATH doesn't exist
[0.190s] WARNING:colcon.colcon_ros.prefix_path.ament:The path '/home/jay/ros2_ws/install/ros2_control_demos' in the environment variable AMENT_PREFIX_PATH doesn't exist
[0.190s] WARNING:colcon.colcon_ros.prefix_path.ament:The path '/home/jay/ros2_ws/install/ros2_control_demo_example_3' in the environment variable AMENT_PREFIX_PATH doesn't exist
[0.190s] WARNING:colcon.colcon_ros.prefix_path.ament:The path '/home/jay/ros2_ws/install/gazebo_ros2_control_demos' in the environment variable AMENT_PREFIX_PATH doesn't exist
[0.190s] WARNING:colcon.colcon_ros.prefix_path.ament:The path '/home/jay/ros2_ws/install/velocity_controllers' in the environment variable AMENT_PREFIX_PATH doesn't exist
[0.190s] WARNING:colcon.colcon_ros.prefix_path.ament:The path '/home/jay/ros2_ws/install/tricycle_steering_controller' in the environment variable AMENT_PREFIX_PATH doesn't exist
[0.190s] WARNING:colcon.colcon_ros.prefix_path.ament:The path '/home/jay/ros2_ws/install/tricycle_controller' in the environment variable AMENT_PREFIX_PATH doesn't exist
[0.190s] WARNING:colcon.colcon_ros.prefix_path.ament:The path '/home/jay/ros2_ws/install/ros2_control_demo_example_8' in the environment variable AMENT_PREFIX_PATH doesn't exist
[0.190s] WARNING:colcon.colcon_ros.prefix_path.ament:The path '/home/jay/ros2_ws/install/ros2_control' in the environment variable AMENT_PREFIX_PATH doesn't exist
[0.190s] WARNING:colcon.colcon_ros.prefix_path.ament:The path '/home/jay/ros2_ws/install/transmission_interface' in the environment variable AMENT_PREFIX_PATH doesn't exist
[0.190s] WARNING:colcon.colcon_ros.prefix_path.ament:The path '/home/jay/ros2_ws/install/ros2_control_demo_example_11' in the environment variable AMENT_PREFIX_PATH doesn't exist
[0.190s] WARNING:colcon.colcon_ros.prefix_path.ament:The path '/home/jay/ros2_ws/install/bicycle_steering_controller' in the environment variable AMENT_PREFIX_PATH doesn't exist
[0.190s] WARNING:colcon.colcon_ros.prefix_path.ament:The path '/home/jay/ros2_ws/install/ackermann_steering_controller' in the environment variable AMENT_PREFIX_PATH doesn't exist
[0.190s] WARNING:colcon.colcon_ros.prefix_path.ament:The path '/home/jay/ros2_ws/install/steering_controllers_library' in the environment variable AMENT_PREFIX_PATH doesn't exist
[0.190s] WARNING:colcon.colcon_ros.prefix_path.ament:The path '/home/jay/ros2_ws/install/ros2_control_demo_example_15' in the environment variable AMENT_PREFIX_PATH doesn't exist
[0.190s] WARNING:colcon.colcon_ros.prefix_path.ament:The path '/home/jay/ros2_ws/install/ros2_control_demo_example_1' in the environment variable AMENT_PREFIX_PATH doesn't exist
[0.190s] WARNING:colcon.colcon_ros.prefix_path.ament:The path '/home/jay/ros2_ws/install/rqt_joint_trajectory_controller' in the environment variable AMENT_PREFIX_PATH doesn't exist
[0.190s] WARNING:colcon.colcon_ros.prefix_path.ament:The path '/home/jay/ros2_ws/install/rqt_controller_manager' in the environment variable AMENT_PREFIX_PATH doesn't exist
[0.190s] WARNING:colcon.colcon_ros.prefix_path.ament:The path '/home/jay/ros2_ws/install/ros2_control_demo_example_9' in the environment variable AMENT_PREFIX_PATH doesn't exist
[0.190s] WARNING:colcon.colcon_ros.prefix_path.ament:The path '/home/jay/ros2_ws/install/ros2_control_demo_example_7' in the environment variable AMENT_PREFIX_PATH doesn't exist
[0.190s] WARNING:colcon.colcon_ros.prefix_path.ament:The path '/home/jay/ros2_ws/install/ros2_control_demo_example_6' in the environment variable AMENT_PREFIX_PATH doesn't exist
[0.190s] WARNING:colcon.colcon_ros.prefix_path.ament:The path '/home/jay/ros2_ws/install/ros2_control_demo_example_13' in the environment variable AMENT_PREFIX_PATH doesn't exist
[0.190s] WARNING:colcon.colcon_ros.prefix_path.ament:The path '/home/jay/ros2_ws/install/ros2_control_demo_example_5' in the environment variable AMENT_PREFIX_PATH doesn't exist
[0.190s] WARNING:colcon.colcon_ros.prefix_path.ament:The path '/home/jay/ros2_ws/install/ros2_control_demo_example_4' in the environment variable AMENT_PREFIX_PATH doesn't exist
[0.190s] WARNING:colcon.colcon_ros.prefix_path.ament:The path '/home/jay/ros2_ws/install/ros2_control_demo_example_2' in the environment variable AMENT_PREFIX_PATH doesn't exist
[0.190s] WARNING:colcon.colcon_ros.prefix_path.ament:The path '/home/jay/ros2_ws/install/ros2_control_demo_example_14' in the environment variable AMENT_PREFIX_PATH doesn't exist
[0.190s] WARNING:colcon.colcon_ros.prefix_path.ament:The path '/home/jay/ros2_ws/install/ros2_control_demo_example_12' in the environment variable AMENT_PREFIX_PATH doesn't exist
[0.190s] WARNING:colcon.colcon_ros.prefix_path.ament:The path '/home/jay/ros2_ws/install/ros2_control_demo_example_10' in the environment variable AMENT_PREFIX_PATH doesn't exist
[0.190s] WARNING:colcon.colcon_ros.prefix_path.ament:The path '/home/jay/ros2_ws/install/ros2controlcli' in the environment variable AMENT_PREFIX_PATH doesn't exist
[0.190s] WARNING:colcon.colcon_ros.prefix_path.ament:The path '/home/jay/ros2_ws/install/ros2_controllers_test_nodes' in the environment variable AMENT_PREFIX_PATH doesn't exist
[0.190s] WARNING:colcon.colcon_ros.prefix_path.ament:The path '/home/jay/ros2_ws/install/hardware_interface_testing' in the environment variable AMENT_PREFIX_PATH doesn't exist
[0.190s] WARNING:colcon.colcon_ros.prefix_path.ament:The path '/home/jay/ros2_ws/install/gazebo_ros2_control' in the environment variable AMENT_PREFIX_PATH doesn't exist
[0.190s] WARNING:colcon.colcon_ros.prefix_path.ament:The path '/home/jay/ros2_ws/install/controller_manager' in the environment variable AMENT_PREFIX_PATH doesn't exist
[0.190s] WARNING:colcon.colcon_ros.prefix_path.ament:The path '/home/jay/ros2_ws/install/ros2_control_test_assets' in the environment variable AMENT_PREFIX_PATH doesn't exist
[0.190s] WARNING:colcon.colcon_ros.prefix_path.ament:The path '/home/jay/ros2_ws/install/ros2_control_demo_description' in the environment variable AMENT_PREFIX_PATH doesn't exist
[0.190s] WARNING:colcon.colcon_ros.prefix_path.ament:The path '/home/jay/ros2_ws/install/range_sensor_broadcaster' in the environment variable AMENT_PREFIX_PATH doesn't exist
[0.190s] WARNING:colcon.colcon_ros.prefix_path.ament:The path '/home/jay/ros2_ws/install/position_controllers' in the environment variable AMENT_PREFIX_PATH doesn't exist
[0.190s] WARNING:colcon.colcon_ros.prefix_path.ament:The path '/home/jay/ros2_ws/install/pose_broadcaster' in the environment variable AMENT_PREFIX_PATH doesn't exist
[0.190s] WARNING:colcon.colcon_ros.prefix_path.ament:The path '/home/jay/ros2_ws/install/pid_controller' in the environment variable AMENT_PREFIX_PATH doesn't exist
[0.191s] WARNING:colcon.colcon_ros.prefix_path.ament:The path '/home/jay/ros2_ws/install/mecanum_drive_controller' in the environment variable AMENT_PREFIX_PATH doesn't exist
[0.191s] WARNING:colcon.colcon_ros.prefix_path.ament:The path '/home/jay/ros2_ws/install/joint_trajectory_controller' in the environment variable AMENT_PREFIX_PATH doesn't exist
[0.191s] WARNING:colcon.colcon_ros.prefix_path.ament:The path '/home/jay/ros2_ws/install/joint_state_broadcaster' in the environment variable AMENT_PREFIX_PATH doesn't exist
[0.191s] WARNING:colcon.colcon_ros.prefix_path.ament:The path '/home/jay/ros2_ws/install/joint_limits' in the environment variable AMENT_PREFIX_PATH doesn't exist
[0.191s] WARNING:colcon.colcon_ros.prefix_path.ament:The path '/home/jay/ros2_ws/install/imu_sensor_broadcaster' in the environment variable AMENT_PREFIX_PATH doesn't exist
[0.191s] WARNING:colcon.colcon_ros.prefix_path.ament:The path '/home/jay/ros2_ws/install/gripper_controllers' in the environment variable AMENT_PREFIX_PATH doesn't exist
[0.191s] WARNING:colcon.colcon_ros.prefix_path.ament:The path '/home/jay/ros2_ws/install/gpio_controllers' in the environment variable AMENT_PREFIX_PATH doesn't exist
[0.191s] WARNING:colcon.colcon_ros.prefix_path.ament:The path '/home/jay/ros2_ws/install/effort_controllers' in the environment variable AMENT_PREFIX_PATH doesn't exist
[0.191s] WARNING:colcon.colcon_ros.prefix_path.ament:The path '/home/jay/ros2_ws/install/forward_command_controller' in the environment variable AMENT_PREFIX_PATH doesn't exist
[0.191s] WARNING:colcon.colcon_ros.prefix_path.ament:The path '/home/jay/ros2_ws/install/force_torque_sensor_broadcaster' in the environment variable AMENT_PREFIX_PATH doesn't exist
[0.191s] WARNING:colcon.colcon_ros.prefix_path.ament:The path '/home/jay/ros2_ws/install/diff_drive_controller' in the environment variable AMENT_PREFIX_PATH doesn't exist
[0.191s] WARNING:colcon.colcon_ros.prefix_path.ament:The path '/home/jay/ros2_ws/install/admittance_controller' in the environment variable AMENT_PREFIX_PATH doesn't exist
[0.191s] WARNING:colcon.colcon_ros.prefix_path.ament:The path '/home/jay/ros2_ws/install/controller_interface' in the environment variable AMENT_PREFIX_PATH doesn't exist
[0.191s] WARNING:colcon.colcon_ros.prefix_path.ament:The path '/home/jay/ros2_ws/install/hardware_interface' in the environment variable AMENT_PREFIX_PATH doesn't exist
[0.191s] WARNING:colcon.colcon_ros.prefix_path.ament:The path '/home/jay/ros2_ws/install/controller_manager_msgs' in the environment variable AMENT_PREFIX_PATH doesn't exist
[0.191s] WARNING:colcon.colcon_ros.prefix_path.ament:The path '/home/jay/ros2_ws/install/articubot_one' in the environment variable AMENT_PREFIX_PATH doesn't exist
[0.191s] WARNING:colcon.colcon_ros.prefix_path.ament:The path '/home/jay/ros2_ws/install/AVONE_description' in the environment variable AMENT_PREFIX_PATH doesn't exist
[0.191s] WARNING:colcon.colcon_ros.prefix_path.catkin:The path '/home/jay/ros2_ws/install/ros2_controllers' in the environment variable CMAKE_PREFIX_PATH doesn't exist
[0.191s] WARNING:colcon.colcon_ros.prefix_path.catkin:The path '/home/jay/ros2_ws/install/ros2_control_demos' in the environment variable CMAKE_PREFIX_PATH doesn't exist
[0.191s] WARNING:colcon.colcon_ros.prefix_path.catkin:The path '/home/jay/ros2_ws/install/ros2_control_demo_example_3' in the environment variable CMAKE_PREFIX_PATH doesn't exist
[0.191s] WARNING:colcon.colcon_ros.prefix_path.catkin:The path '/home/jay/ros2_ws/install/gazebo_ros2_control_demos' in the environment variable CMAKE_PREFIX_PATH doesn't exist
[0.191s] WARNING:colcon.colcon_ros.prefix_path.catkin:The path '/home/jay/ros2_ws/install/velocity_controllers' in the environment variable CMAKE_PREFIX_PATH doesn't exist
[0.191s] WARNING:colcon.colcon_ros.prefix_path.catkin:The path '/home/jay/ros2_ws/install/tricycle_steering_controller' in the environment variable CMAKE_PREFIX_PATH doesn't exist
[0.191s] WARNING:colcon.colcon_ros.prefix_path.catkin:The path '/home/jay/ros2_ws/install/tricycle_controller' in the environment variable CMAKE_PREFIX_PATH doesn't exist
[0.191s] WARNING:colcon.colcon_ros.prefix_path.catkin:The path '/home/jay/ros2_ws/install/ros2_control_demo_example_8' in the environment variable CMAKE_PREFIX_PATH doesn't exist
[0.191s] WARNING:colcon.colcon_ros.prefix_path.catkin:The path '/home/jay/ros2_ws/install/ros2_control' in the environment variable CMAKE_PREFIX_PATH doesn't exist
[0.191s] WARNING:colcon.colcon_ros.prefix_path.catkin:The path '/home/jay/ros2_ws/install/transmission_interface' in the environment variable CMAKE_PREFIX_PATH doesn't exist
[0.191s] WARNING:colcon.colcon_ros.prefix_path.catkin:The path '/home/jay/ros2_ws/install/ros2_control_demo_example_11' in the environment variable CMAKE_PREFIX_PATH doesn't exist
[0.191s] WARNING:colcon.colcon_ros.prefix_path.catkin:The path '/home/jay/ros2_ws/install/bicycle_steering_controller' in the environment variable CMAKE_PREFIX_PATH doesn't exist
[0.191s] WARNING:colcon.colcon_ros.prefix_path.catkin:The path '/home/jay/ros2_ws/install/ackermann_steering_controller' in the environment variable CMAKE_PREFIX_PATH doesn't exist
[0.191s] WARNING:colcon.colcon_ros.prefix_path.catkin:The path '/home/jay/ros2_ws/install/steering_controllers_library' in the environment variable CMAKE_PREFIX_PATH doesn't exist
[0.191s] WARNING:colcon.colcon_ros.prefix_path.catkin:The path '/home/jay/ros2_ws/install/ros2_control_demo_example_15' in the environment variable CMAKE_PREFIX_PATH doesn't exist
[0.191s] WARNING:colcon.colcon_ros.prefix_path.catkin:The path '/home/jay/ros2_ws/install/ros2_control_demo_example_1' in the environment variable CMAKE_PREFIX_PATH doesn't exist
[0.191s] WARNING:colcon.colcon_ros.prefix_path.catkin:The path '/home/jay/ros2_ws/install/ros2_control_demo_example_9' in the environment variable CMAKE_PREFIX_PATH doesn't exist
[0.191s] WARNING:colcon.colcon_ros.prefix_path.catkin:The path '/home/jay/ros2_ws/install/ros2_control_demo_example_7' in the environment variable CMAKE_PREFIX_PATH doesn't exist
[0.191s] WARNING:colcon.colcon_ros.prefix_path.catkin:The path '/home/jay/ros2_ws/install/ros2_control_demo_example_6' in the environment variable CMAKE_PREFIX_PATH doesn't exist
[0.191s] WARNING:colcon.colcon_ros.prefix_path.catkin:The path '/home/jay/ros2_ws/install/ros2_control_demo_example_13' in the environment variable CMAKE_PREFIX_PATH doesn't exist
[0.191s] WARNING:colcon.colcon_ros.prefix_path.catkin:The path '/home/jay/ros2_ws/install/ros2_control_demo_example_5' in the environment variable CMAKE_PREFIX_PATH doesn't exist
[0.191s] WARNING:colcon.colcon_ros.prefix_path.catkin:The path '/home/jay/ros2_ws/install/ros2_control_demo_example_4' in the environment variable CMAKE_PREFIX_PATH doesn't exist
[0.191s] WARNING:colcon.colcon_ros.prefix_path.catkin:The path '/home/jay/ros2_ws/install/ros2_control_demo_example_2' in the environment variable CMAKE_PREFIX_PATH doesn't exist
[0.191s] WARNING:colcon.colcon_ros.prefix_path.catkin:The path '/home/jay/ros2_ws/install/ros2_control_demo_example_14' in the environment variable CMAKE_PREFIX_PATH doesn't exist
[0.191s] WARNING:colcon.colcon_ros.prefix_path.catkin:The path '/home/jay/ros2_ws/install/ros2_control_demo_example_12' in the environment variable CMAKE_PREFIX_PATH doesn't exist
[0.191s] WARNING:colcon.colcon_ros.prefix_path.catkin:The path '/home/jay/ros2_ws/install/ros2_control_demo_example_10' in the environment variable CMAKE_PREFIX_PATH doesn't exist
[0.191s] WARNING:colcon.colcon_ros.prefix_path.catkin:The path '/home/jay/ros2_ws/install/hardware_interface_testing' in the environment variable CMAKE_PREFIX_PATH doesn't exist
[0.191s] WARNING:colcon.colcon_ros.prefix_path.catkin:The path '/home/jay/ros2_ws/install/gazebo_ros2_control' in the environment variable CMAKE_PREFIX_PATH doesn't exist
[0.191s] WARNING:colcon.colcon_ros.prefix_path.catkin:The path '/home/jay/ros2_ws/install/controller_manager' in the environment variable CMAKE_PREFIX_PATH doesn't exist
[0.191s] WARNING:colcon.colcon_ros.prefix_path.catkin:The path '/home/jay/ros2_ws/install/ros2_control_test_assets' in the environment variable CMAKE_PREFIX_PATH doesn't exist
[0.191s] WARNING:colcon.colcon_ros.prefix_path.catkin:The path '/home/jay/ros2_ws/install/ros2_control_demo_description' in the environment variable CMAKE_PREFIX_PATH doesn't exist
[0.191s] WARNING:colcon.colcon_ros.prefix_path.catkin:The path '/home/jay/ros2_ws/install/range_sensor_broadcaster' in the environment variable CMAKE_PREFIX_PATH doesn't exist
[0.191s] WARNING:colcon.colcon_ros.prefix_path.catkin:The path '/home/jay/ros2_ws/install/position_controllers' in the environment variable CMAKE_PREFIX_PATH doesn't exist
[0.191s] WARNING:colcon.colcon_ros.prefix_path.catkin:The path '/home/jay/ros2_ws/install/pose_broadcaster' in the environment variable CMAKE_PREFIX_PATH doesn't exist
[0.191s] WARNING:colcon.colcon_ros.prefix_path.catkin:The path '/home/jay/ros2_ws/install/pid_controller' in the environment variable CMAKE_PREFIX_PATH doesn't exist
[0.191s] WARNING:colcon.colcon_ros.prefix_path.catkin:The path '/home/jay/ros2_ws/install/mecanum_drive_controller' in the environment variable CMAKE_PREFIX_PATH doesn't exist
[0.191s] WARNING:colcon.colcon_ros.prefix_path.catkin:The path '/home/jay/ros2_ws/install/joint_trajectory_controller' in the environment variable CMAKE_PREFIX_PATH doesn't exist
[0.191s] WARNING:colcon.colcon_ros.prefix_path.catkin:The path '/home/jay/ros2_ws/install/joint_state_broadcaster' in the environment variable CMAKE_PREFIX_PATH doesn't exist
[0.191s] WARNING:colcon.colcon_ros.prefix_path.catkin:The path '/home/jay/ros2_ws/install/joint_limits' in the environment variable CMAKE_PREFIX_PATH doesn't exist
[0.191s] WARNING:colcon.colcon_ros.prefix_path.catkin:The path '/home/jay/ros2_ws/install/imu_sensor_broadcaster' in the environment variable CMAKE_PREFIX_PATH doesn't exist
[0.200s] WARNING:colcon.colcon_ros.prefix_path.catkin:The path '/home/jay/ros2_ws/install/gripper_controllers' in the environment variable CMAKE_PREFIX_PATH doesn't exist
[0.200s] WARNING:colcon.colcon_ros.prefix_path.catkin:The path '/home/jay/ros2_ws/install/gpio_controllers' in the environment variable CMAKE_PREFIX_PATH doesn't exist
[0.200s] WARNING:colcon.colcon_ros.prefix_path.catkin:The path '/home/jay/ros2_ws/install/effort_controllers' in the environment variable CMAKE_PREFIX_PATH doesn't exist
[0.200s] WARNING:colcon.colcon_ros.prefix_path.catkin:The path '/home/jay/ros2_ws/install/forward_command_controller' in the environment variable CMAKE_PREFIX_PATH doesn't exist
[0.200s] WARNING:colcon.colcon_ros.prefix_path.catkin:The path '/home/jay/ros2_ws/install/force_torque_sensor_broadcaster' in the environment variable CMAKE_PREFIX_PATH doesn't exist
[0.200s] WARNING:colcon.colcon_ros.prefix_path.catkin:The path '/home/jay/ros2_ws/install/diff_drive_controller' in the environment variable CMAKE_PREFIX_PATH doesn't exist
[0.200s] WARNING:colcon.colcon_ros.prefix_path.catkin:The path '/home/jay/ros2_ws/install/admittance_controller' in the environment variable CMAKE_PREFIX_PATH doesn't exist
[0.200s] WARNING:colcon.colcon_ros.prefix_path.catkin:The path '/home/jay/ros2_ws/install/controller_interface' in the environment variable CMAKE_PREFIX_PATH doesn't exist
[0.200s] WARNING:colcon.colcon_ros.prefix_path.catkin:The path '/home/jay/ros2_ws/install/hardware_interface' in the environment variable CMAKE_PREFIX_PATH doesn't exist
[0.200s] WARNING:colcon.colcon_ros.prefix_path.catkin:The path '/home/jay/ros2_ws/install/controller_manager_msgs' in the environment variable CMAKE_PREFIX_PATH doesn't exist
[0.200s] WARNING:colcon.colcon_ros.prefix_path.catkin:The path '/home/jay/ros2_ws/install/articubot_one' in the environment variable CMAKE_PREFIX_PATH doesn't exist
[0.201s] WARNING:colcon.colcon_ros.prefix_path.catkin:The path '/home/jay/ros2_ws/install/AVONE_description' in the environment variable CMAKE_PREFIX_PATH doesn't exist
[0.201s] DEBUG:colcon.colcon_installed_package_information.package_discovery:Found 1 installed packages in /home/jay/ros2_ws/src/AVONE_description/install
[0.202s] DEBUG:colcon.colcon_installed_package_information.package_discovery:Found 271 installed packages in /opt/ros/humble
[0.202s] Level 1:colcon.colcon_core.package_discovery:discover_packages(prefix_path) using defaults
[0.224s] Level 5:colcon.colcon_core.verb:set package 'articubot_one' build argument 'cmake_args' from command line to 'None'
[0.224s] Level 5:colcon.colcon_core.verb:set package 'articubot_one' build argument 'cmake_target' from command line to 'None'
[0.224s] Level 5:colcon.colcon_core.verb:set package 'articubot_one' build argument 'cmake_target_skip_unavailable' from command line to 'False'
[0.224s] Level 5:colcon.colcon_core.verb:set package 'articubot_one' build argument 'cmake_clean_cache' from command line to 'False'
[0.224s] Level 5:colcon.colcon_core.verb:set package 'articubot_one' build argument 'cmake_clean_first' from command line to 'False'
[0.224s] Level 5:colcon.colcon_core.verb:set package 'articubot_one' build argument 'cmake_force_configure' from command line to 'False'
[0.224s] Level 5:colcon.colcon_core.verb:set package 'articubot_one' build argument 'ament_cmake_args' from command line to 'None'
[0.224s] Level 5:colcon.colcon_core.verb:set package 'articubot_one' build argument 'catkin_cmake_args' from command line to 'None'
[0.224s] Level 5:colcon.colcon_core.verb:set package 'articubot_one' build argument 'catkin_skip_building_tests' from command line to 'False'
[0.224s] DEBUG:colcon.colcon_core.verb:Building package 'articubot_one' with the following arguments: {'ament_cmake_args': None, 'build_base': '/home/jay/ros2_ws/src/articubot_one/build/articubot_one', 'catkin_cmake_args': None, 'catkin_skip_building_tests': False, 'cmake_args': None, 'cmake_clean_cache': False, 'cmake_clean_first': False, 'cmake_force_configure': False, 'cmake_target': None, 'cmake_target_skip_unavailable': False, 'install_base': '/home/jay/ros2_ws/src/articubot_one/install/articubot_one', 'merge_install': False, 'path': '/home/jay/ros2_ws/src/articubot_one', 'symlink_install': False, 'test_result_base': None}
[0.224s] INFO:colcon.colcon_core.executor:Executing jobs using 'parallel' executor
[0.225s] DEBUG:colcon.colcon_parallel_executor.executor.parallel:run_until_complete
[0.225s] INFO:colcon.colcon_ros.task.ament_cmake.build:Building ROS package in '/home/jay/ros2_ws/src/articubot_one' with build type 'ament_cmake'
[0.225s] INFO:colcon.colcon_cmake.task.cmake.build:Building CMake package in '/home/jay/ros2_ws/src/articubot_one'
[0.227s] INFO:colcon.colcon_core.plugin_system:Skipping extension 'colcon_core.shell.bat': Not used on non-Windows systems
[0.227s] INFO:colcon.colcon_core.shell:Skip shell extension 'powershell' for command environment: Not usable outside of PowerShell
[0.227s] DEBUG:colcon.colcon_core.shell:Skip shell extension 'dsv' for command environment
[0.236s] DEBUG:colcon.colcon_core.event_handler.log_command:Invoking command in '/home/jay/ros2_ws/src/articubot_one/build/articubot_one': CMAKE_PREFIX_PATH=${CMAKE_PREFIX_PATH}:/home/jay/ros2_ws/install/rqt_joint_trajectory_controller:/home/jay/ros2_ws/install/rqt_controller_manager:/home/jay/ros2_ws/install/ros2controlcli:/home/jay/ros2_ws/install/ros2_controllers_test_nodes:/opt/ros/humble /usr/bin/cmake /home/jay/ros2_ws/src/articubot_one -DCMAKE_INSTALL_PREFIX=/home/jay/ros2_ws/src/articubot_one/install/articubot_one
[0.408s] DEBUG:colcon.colcon_core.event_handler.log_command:Invoked command in '/home/jay/ros2_ws/src/articubot_one/build/articubot_one' returned '0': CMAKE_PREFIX_PATH=${CMAKE_PREFIX_PATH}:/home/jay/ros2_ws/install/rqt_joint_trajectory_controller:/home/jay/ros2_ws/install/rqt_controller_manager:/home/jay/ros2_ws/install/ros2controlcli:/home/jay/ros2_ws/install/ros2_controllers_test_nodes:/opt/ros/humble /usr/bin/cmake /home/jay/ros2_ws/src/articubot_one -DCMAKE_INSTALL_PREFIX=/home/jay/ros2_ws/src/articubot_one/install/articubot_one
[0.409s] DEBUG:colcon.colcon_core.event_handler.log_command:Invoking command in '/home/jay/ros2_ws/src/articubot_one/build/articubot_one': CMAKE_PREFIX_PATH=${CMAKE_PREFIX_PATH}:/home/jay/ros2_ws/install/rqt_joint_trajectory_controller:/home/jay/ros2_ws/install/rqt_controller_manager:/home/jay/ros2_ws/install/ros2controlcli:/home/jay/ros2_ws/install/ros2_controllers_test_nodes:/opt/ros/humble /usr/bin/cmake --build /home/jay/ros2_ws/src/articubot_one/build/articubot_one -- -j32 -l32
[0.448s] DEBUG:colcon.colcon_core.event_handler.log_command:Invoked command in '/home/jay/ros2_ws/src/articubot_one/build/articubot_one' returned '0': CMAKE_PREFIX_PATH=${CMAKE_PREFIX_PATH}:/home/jay/ros2_ws/install/rqt_joint_trajectory_controller:/home/jay/ros2_ws/install/rqt_controller_manager:/home/jay/ros2_ws/install/ros2controlcli:/home/jay/ros2_ws/install/ros2_controllers_test_nodes:/opt/ros/humble /usr/bin/cmake --build /home/jay/ros2_ws/src/articubot_one/build/articubot_one -- -j32 -l32
[0.460s] DEBUG:colcon.colcon_core.event_handler.log_command:Invoking command in '/home/jay/ros2_ws/src/articubot_one/build/articubot_one': CMAKE_PREFIX_PATH=${CMAKE_PREFIX_PATH}:/home/jay/ros2_ws/install/rqt_joint_trajectory_controller:/home/jay/ros2_ws/install/rqt_controller_manager:/home/jay/ros2_ws/install/ros2controlcli:/home/jay/ros2_ws/install/ros2_controllers_test_nodes:/opt/ros/humble /usr/bin/cmake --install /home/jay/ros2_ws/src/articubot_one/build/articubot_one
[0.493s] Level 1:colcon.colcon_core.environment:create_environment_scripts_only(articubot_one)
[0.494s] DEBUG:colcon.colcon_core.event_handler.log_command:Invoked command in '/home/jay/ros2_ws/src/articubot_one/build/articubot_one' returned '0': CMAKE_PREFIX_PATH=${CMAKE_PREFIX_PATH}:/home/jay/ros2_ws/install/rqt_joint_trajectory_controller:/home/jay/ros2_ws/install/rqt_controller_manager:/home/jay/ros2_ws/install/ros2controlcli:/home/jay/ros2_ws/install/ros2_controllers_test_nodes:/opt/ros/humble /usr/bin/cmake --install /home/jay/ros2_ws/src/articubot_one/build/articubot_one
[0.496s] Level 1:colcon.colcon_core.environment:checking '/home/jay/ros2_ws/src/articubot_one/install/articubot_one' for CMake module files
[0.497s] Level 1:colcon.colcon_core.environment:checking '/home/jay/ros2_ws/src/articubot_one/install/articubot_one' for CMake config files
[0.497s] Level 1:colcon.colcon_core.shell:create_environment_hook('articubot_one', 'cmake_prefix_path')
[0.497s] INFO:colcon.colcon_core.shell:Creating environment hook '/home/jay/ros2_ws/src/articubot_one/install/articubot_one/share/articubot_one/hook/cmake_prefix_path.ps1'
[0.498s] INFO:colcon.colcon_core.shell:Creating environment descriptor '/home/jay/ros2_ws/src/articubot_one/install/articubot_one/share/articubot_one/hook/cmake_prefix_path.dsv'
[0.498s] INFO:colcon.colcon_core.shell:Creating environment hook '/home/jay/ros2_ws/src/articubot_one/install/articubot_one/share/articubot_one/hook/cmake_prefix_path.sh'
[0.499s] Level 1:colcon.colcon_core.environment:checking '/home/jay/ros2_ws/src/articubot_one/install/articubot_one/bin'
[0.499s] Level 1:colcon.colcon_core.environment:checking '/home/jay/ros2_ws/src/articubot_one/install/articubot_one/lib/pkgconfig/articubot_one.pc'
[0.499s] Level 1:colcon.colcon_core.environment:checking '/home/jay/ros2_ws/src/articubot_one/install/articubot_one/lib/python3.10/site-packages'
[0.499s] Level 1:colcon.colcon_core.environment:checking '/home/jay/ros2_ws/src/articubot_one/install/articubot_one/bin'
[0.500s] INFO:colcon.colcon_core.shell:Creating package script '/home/jay/ros2_ws/src/articubot_one/install/articubot_one/share/articubot_one/package.ps1'
[0.500s] INFO:colcon.colcon_core.shell:Creating package descriptor '/home/jay/ros2_ws/src/articubot_one/install/articubot_one/share/articubot_one/package.dsv'
[0.501s] INFO:colcon.colcon_core.shell:Creating package script '/home/jay/ros2_ws/src/articubot_one/install/articubot_one/share/articubot_one/package.sh'
[0.501s] INFO:colcon.colcon_core.shell:Creating package script '/home/jay/ros2_ws/src/articubot_one/install/articubot_one/share/articubot_one/package.bash'
[0.501s] INFO:colcon.colcon_core.shell:Creating package script '/home/jay/ros2_ws/src/articubot_one/install/articubot_one/share/articubot_one/package.zsh'
[0.502s] Level 1:colcon.colcon_core.environment:create_file_with_runtime_dependencies(/home/jay/ros2_ws/src/articubot_one/install/articubot_one/share/colcon-core/packages/articubot_one)
[0.502s] Level 1:colcon.colcon_core.environment:create_environment_scripts_only(articubot_one)
[0.502s] Level 1:colcon.colcon_core.environment:checking '/home/jay/ros2_ws/src/articubot_one/install/articubot_one' for CMake module files
[0.503s] Level 1:colcon.colcon_core.environment:checking '/home/jay/ros2_ws/src/articubot_one/install/articubot_one' for CMake config files
[0.503s] Level 1:colcon.colcon_core.shell:create_environment_hook('articubot_one', 'cmake_prefix_path')
[0.503s] INFO:colcon.colcon_core.shell:Creating environment hook '/home/jay/ros2_ws/src/articubot_one/install/articubot_one/share/articubot_one/hook/cmake_prefix_path.ps1'
[0.503s] INFO:colcon.colcon_core.shell:Creating environment descriptor '/home/jay/ros2_ws/src/articubot_one/install/articubot_one/share/articubot_one/hook/cmake_prefix_path.dsv'
[0.503s] INFO:colcon.colcon_core.shell:Creating environment hook '/home/jay/ros2_ws/src/articubot_one/install/articubot_one/share/articubot_one/hook/cmake_prefix_path.sh'
[0.503s] Level 1:colcon.colcon_core.environment:checking '/home/jay/ros2_ws/src/articubot_one/install/articubot_one/bin'
[0.504s] Level 1:colcon.colcon_core.environment:checking '/home/jay/ros2_ws/src/articubot_one/install/articubot_one/lib/pkgconfig/articubot_one.pc'
[0.504s] Level 1:colcon.colcon_core.environment:checking '/home/jay/ros2_ws/src/articubot_one/install/articubot_one/lib/python3.10/site-packages'
[0.504s] Level 1:colcon.colcon_core.environment:checking '/home/jay/ros2_ws/src/articubot_one/install/articubot_one/bin'
[0.504s] INFO:colcon.colcon_core.shell:Creating package script '/home/jay/ros2_ws/src/articubot_one/install/articubot_one/share/articubot_one/package.ps1'
[0.504s] INFO:colcon.colcon_core.shell:Creating package descriptor '/home/jay/ros2_ws/src/articubot_one/install/articubot_one/share/articubot_one/package.dsv'
[0.505s] INFO:colcon.colcon_core.shell:Creating package script '/home/jay/ros2_ws/src/articubot_one/install/articubot_one/share/articubot_one/package.sh'
[0.505s] INFO:colcon.colcon_core.shell:Creating package script '/home/jay/ros2_ws/src/articubot_one/install/articubot_one/share/articubot_one/package.bash'
[0.505s] INFO:colcon.colcon_core.shell:Creating package script '/home/jay/ros2_ws/src/articubot_one/install/articubot_one/share/articubot_one/package.zsh'
[0.505s] Level 1:colcon.colcon_core.environment:create_file_with_runtime_dependencies(/home/jay/ros2_ws/src/articubot_one/install/articubot_one/share/colcon-core/packages/articubot_one)
[0.506s] DEBUG:colcon.colcon_parallel_executor.executor.parallel:closing loop
[0.506s] DEBUG:colcon.colcon_parallel_executor.executor.parallel:loop closed
[0.506s] DEBUG:colcon.colcon_parallel_executor.executor.parallel:run_until_complete finished with '0'
[0.506s] DEBUG:colcon.colcon_core.event_reactor:joining thread
[0.509s] INFO:colcon.colcon_core.plugin_system:Skipping extension 'colcon_notification.desktop_notification.terminal_notifier': Not used on non-Darwin systems
[0.509s] INFO:colcon.colcon_core.plugin_system:Skipping extension 'colcon_notification.desktop_notification.win32': Not used on non-Windows systems
[0.509s] INFO:colcon.colcon_notification.desktop_notification:Sending desktop notification using 'notify2'
[0.525s] DEBUG:colcon.colcon_core.event_reactor:joined thread
[0.525s] INFO:colcon.colcon_core.shell:Creating prefix script '/home/jay/ros2_ws/src/articubot_one/install/local_setup.ps1'
[0.526s] INFO:colcon.colcon_core.shell:Creating prefix util module '/home/jay/ros2_ws/src/articubot_one/install/_local_setup_util_ps1.py'
[0.527s] INFO:colcon.colcon_core.shell:Creating prefix chain script '/home/jay/ros2_ws/src/articubot_one/install/setup.ps1'
[0.528s] INFO:colcon.colcon_core.shell:Creating prefix script '/home/jay/ros2_ws/src/articubot_one/install/local_setup.sh'
[0.528s] INFO:colcon.colcon_core.shell:Creating prefix util module '/home/jay/ros2_ws/src/articubot_one/install/_local_setup_util_sh.py'
[0.529s] INFO:colcon.colcon_core.shell:Creating prefix chain script '/home/jay/ros2_ws/src/articubot_one/install/setup.sh'
[0.530s] INFO:colcon.colcon_core.shell:Creating prefix script '/home/jay/ros2_ws/src/articubot_one/install/local_setup.bash'
[0.530s] INFO:colcon.colcon_core.shell:Creating prefix chain script '/home/jay/ros2_ws/src/articubot_one/install/setup.bash'
[0.531s] INFO:colcon.colcon_core.shell:Creating prefix script '/home/jay/ros2_ws/src/articubot_one/install/local_setup.zsh'
[0.532s] INFO:colcon.colcon_core.shell:Creating prefix chain script '/home/jay/ros2_ws/src/articubot_one/install/setup.zsh'
