[0.009s] Invoking command in '/home/jay/ros2_ws/src/articubot_one/build/articubot_one': CMAKE_PREFIX_PATH=${CMAKE_PREFIX_PATH}:/opt/ros/humble /usr/bin/cmake --build /home/jay/ros2_ws/src/articubot_one/build/articubot_one -- -j32 -l32
[0.050s] Invoked command in '/home/jay/ros2_ws/src/articubot_one/build/articubot_one' returned '0': CMAKE_PREFIX_PATH=${CMAKE_PREFIX_PATH}:/opt/ros/humble /usr/bin/cmake --build /home/jay/ros2_ws/src/articubot_one/build/articubot_one -- -j32 -l32
[0.062s] Invoking command in '/home/jay/ros2_ws/src/articubot_one/build/articubot_one': CMAKE_PREFIX_PATH=${CMAKE_PREFIX_PATH}:/opt/ros/humble /usr/bin/cmake --install /home/jay/ros2_ws/src/articubot_one/build/articubot_one
[0.071s] -- Install configuration: ""
[0.071s] -- Execute custom install script
[0.072s] -- Up-to-date symlink: /home/jay/ros2_ws/src/articubot_one/install/articubot_one/share/articubot_one/config/ackermann_drive_controller.yaml
[0.072s] -- Up-to-date symlink: /home/jay/ros2_ws/src/articubot_one/install/articubot_one/share/articubot_one/config/drive_bot.rviz
[0.072s] -- Up-to-date symlink: /home/jay/ros2_ws/src/articubot_one/install/articubot_one/share/articubot_one/config/ekf.yaml
[0.072s] -- Up-to-date symlink: /home/jay/ros2_ws/src/articubot_one/install/articubot_one/share/articubot_one/config/mapper_params_online_async.yaml
[0.072s] -- Up-to-date symlink: /home/jay/ros2_ws/src/articubot_one/install/articubot_one/share/articubot_one/config/ros_gz_bridge.yaml
[0.073s] -- Up-to-date symlink: /home/jay/ros2_ws/src/articubot_one/install/articubot_one/share/articubot_one/config/view_bot.rviz
[0.073s] -- Up-to-date symlink: /home/jay/ros2_ws/src/articubot_one/install/articubot_one/share/articubot_one/description/assets/Chassis_Suspension.stl
[0.073s] -- Up-to-date symlink: /home/jay/ros2_ws/src/articubot_one/install/articubot_one/share/articubot_one/description/assets/chassis.part
[0.073s] -- Up-to-date symlink: /home/jay/ros2_ws/src/articubot_one/install/articubot_one/share/articubot_one/description/assets/chassis.stl
[0.073s] -- Up-to-date symlink: /home/jay/ros2_ws/src/articubot_one/install/articubot_one/share/articubot_one/description/assets/front_suspension.part
[0.074s] -- Up-to-date symlink: /home/jay/ros2_ws/src/articubot_one/install/articubot_one/share/articubot_one/description/assets/front_suspension.stl
[0.074s] -- Up-to-date symlink: /home/jay/ros2_ws/src/articubot_one/install/articubot_one/share/articubot_one/description/assets/front_wheel_hub.part
[0.074s] -- Up-to-date symlink: /home/jay/ros2_ws/src/articubot_one/install/articubot_one/share/articubot_one/description/assets/front_wheel_hub.stl
[0.074s] -- Up-to-date symlink: /home/jay/ros2_ws/src/articubot_one/install/articubot_one/share/articubot_one/description/assets/rear_suspension.part
[0.074s] -- Up-to-date symlink: /home/jay/ros2_ws/src/articubot_one/install/articubot_one/share/articubot_one/description/assets/rear_suspension.stl
[0.074s] -- Up-to-date symlink: /home/jay/ros2_ws/src/articubot_one/install/articubot_one/share/articubot_one/description/assets/rear_wheel_hub.part
[0.074s] -- Up-to-date symlink: /home/jay/ros2_ws/src/articubot_one/install/articubot_one/share/articubot_one/description/assets/rear_wheel_hub.stl
[0.074s] -- Up-to-date symlink: /home/jay/ros2_ws/src/articubot_one/install/articubot_one/share/articubot_one/description/assets/wheel.part
[0.074s] -- Up-to-date symlink: /home/jay/ros2_ws/src/articubot_one/install/articubot_one/share/articubot_one/description/assets/wheel.stl
[0.075s] -- Up-to-date symlink: /home/jay/ros2_ws/src/articubot_one/install/articubot_one/share/articubot_one/description/camera.xacro
[0.075s] -- Up-to-date symlink: /home/jay/ros2_ws/src/articubot_one/install/articubot_one/share/articubot_one/description/depthcamera.xacro
[0.075s] -- Up-to-date symlink: /home/jay/ros2_ws/src/articubot_one/install/articubot_one/share/articubot_one/description/gazebo_control.xacro
[0.075s] -- Up-to-date symlink: /home/jay/ros2_ws/src/articubot_one/install/articubot_one/share/articubot_one/description/inertial_macros.xacro
[0.075s] -- Up-to-date symlink: /home/jay/ros2_ws/src/articubot_one/install/articubot_one/share/articubot_one/description/lidar.xacro
[0.075s] -- Up-to-date symlink: /home/jay/ros2_ws/src/articubot_one/install/articubot_one/share/articubot_one/description/rgbdcamera.xacro
[0.075s] -- Up-to-date symlink: /home/jay/ros2_ws/src/articubot_one/install/articubot_one/share/articubot_one/description/robot.urdf.xacro
[0.075s] -- Up-to-date symlink: /home/jay/ros2_ws/src/articubot_one/install/articubot_one/share/articubot_one/description/robot_core.xacro
[0.075s] -- Up-to-date symlink: /home/jay/ros2_ws/src/articubot_one/install/articubot_one/share/articubot_one/description/ros2_control.xacro
[0.076s] -- Up-to-date symlink: /home/jay/ros2_ws/src/articubot_one/install/articubot_one/share/articubot_one/description/sensors.xacro
[0.076s] -- Up-to-date symlink: /home/jay/ros2_ws/src/articubot_one/install/articubot_one/share/articubot_one/launch/launch_sim.launch.py
[0.076s] -- Up-to-date symlink: /home/jay/ros2_ws/src/articubot_one/install/articubot_one/share/articubot_one/launch/rosbridge.launch.py
[0.076s] -- Up-to-date symlink: /home/jay/ros2_ws/src/articubot_one/install/articubot_one/share/articubot_one/launch/roscontrol.launch.py
[0.076s] -- Up-to-date symlink: /home/jay/ros2_ws/src/articubot_one/install/articubot_one/share/articubot_one/launch/rsp.launch.py
[0.076s] -- Up-to-date symlink: /home/jay/ros2_ws/src/articubot_one/install/articubot_one/share/articubot_one/launch/simple.launch.py
[0.076s] [33mCMake Warning (dev) at ament_cmake_symlink_install/ament_cmake_symlink_install.cmake:62 (file):
[0.076s]   Policy CMP0009 is not set: FILE GLOB_RECURSE calls should not follow
[0.076s]   symlinks by default.  Run "cmake --help-policy CMP0009" for policy details.
[0.076s]   Use the cmake_policy command to set the policy and suppress this warning.
[0.077s] Call Stack (most recent call first):
[0.077s]   ament_cmake_symlink_install/ament_cmake_symlink_install.cmake:314 (ament_cmake_symlink_install_directory)
[0.077s]   cmake_install.cmake:46 (include)
[0.077s] This warning is for project developers.  Use -Wno-dev to suppress it.
[0.077s] [0m
[0.077s] -- Up-to-date symlink: /home/jay/ros2_ws/src/articubot_one/install/articubot_one/share/articubot_one/worlds/build/.built_by
[0.077s] -- Up-to-date symlink: /home/jay/ros2_ws/src/articubot_one/install/articubot_one/share/articubot_one/worlds/build/COLCON_IGNORE
[0.077s] -- Up-to-date symlink: /home/jay/ros2_ws/src/articubot_one/install/articubot_one/share/articubot_one/worlds/empty.world
[0.077s] -- Up-to-date symlink: /home/jay/ros2_ws/src/articubot_one/install/articubot_one/share/articubot_one/worlds/install/.colcon_install_layout
[0.077s] -- Up-to-date symlink: /home/jay/ros2_ws/src/articubot_one/install/articubot_one/share/articubot_one/worlds/install/COLCON_IGNORE
[0.077s] -- Up-to-date symlink: /home/jay/ros2_ws/src/articubot_one/install/articubot_one/share/articubot_one/worlds/install/_local_setup_util_ps1.py
[0.077s] -- Up-to-date symlink: /home/jay/ros2_ws/src/articubot_one/install/articubot_one/share/articubot_one/worlds/install/_local_setup_util_sh.py
[0.077s] -- Up-to-date symlink: /home/jay/ros2_ws/src/articubot_one/install/articubot_one/share/articubot_one/worlds/install/local_setup.bash
[0.077s] -- Up-to-date symlink: /home/jay/ros2_ws/src/articubot_one/install/articubot_one/share/articubot_one/worlds/install/local_setup.ps1
[0.077s] -- Up-to-date symlink: /home/jay/ros2_ws/src/articubot_one/install/articubot_one/share/articubot_one/worlds/install/local_setup.sh
[0.078s] -- Up-to-date symlink: /home/jay/ros2_ws/src/articubot_one/install/articubot_one/share/articubot_one/worlds/install/local_setup.zsh
[0.078s] -- Up-to-date symlink: /home/jay/ros2_ws/src/articubot_one/install/articubot_one/share/articubot_one/worlds/install/setup.bash
[0.078s] -- Up-to-date symlink: /home/jay/ros2_ws/src/articubot_one/install/articubot_one/share/articubot_one/worlds/install/setup.ps1
[0.078s] -- Up-to-date symlink: /home/jay/ros2_ws/src/articubot_one/install/articubot_one/share/articubot_one/worlds/install/setup.sh
[0.078s] -- Up-to-date symlink: /home/jay/ros2_ws/src/articubot_one/install/articubot_one/share/articubot_one/worlds/install/setup.zsh
[0.078s] -- Up-to-date symlink: /home/jay/ros2_ws/src/articubot_one/install/articubot_one/share/articubot_one/worlds/joint_control_test.sdf
[0.078s] -- Up-to-date symlink: /home/jay/ros2_ws/src/articubot_one/install/articubot_one/share/articubot_one/worlds/log/COLCON_IGNORE
[0.078s] -- Up-to-date symlink: /home/jay/ros2_ws/src/articubot_one/install/articubot_one/share/articubot_one/worlds/log/build_2025-05-15_15-20-54/events.log
[0.078s] -- Up-to-date symlink: /home/jay/ros2_ws/src/articubot_one/install/articubot_one/share/articubot_one/worlds/log/build_2025-05-15_15-20-54/logger_all.log
[0.078s] -- Up-to-date symlink: /home/jay/ros2_ws/src/articubot_one/install/articubot_one/share/articubot_one/worlds/log/build_2025-05-16_12-10-56/events.log
[0.078s] -- Up-to-date symlink: /home/jay/ros2_ws/src/articubot_one/install/articubot_one/share/articubot_one/worlds/log/build_2025-05-16_12-10-56/logger_all.log
[0.078s] -- Up-to-date symlink: /home/jay/ros2_ws/src/articubot_one/install/articubot_one/share/articubot_one/worlds/log/latest/events.log
[0.078s] -- Up-to-date symlink: /home/jay/ros2_ws/src/articubot_one/install/articubot_one/share/articubot_one/worlds/log/latest/logger_all.log
[0.078s] -- Up-to-date symlink: /home/jay/ros2_ws/src/articubot_one/install/articubot_one/share/articubot_one/worlds/log/latest_build/events.log
[0.078s] -- Up-to-date symlink: /home/jay/ros2_ws/src/articubot_one/install/articubot_one/share/articubot_one/worlds/log/latest_build/logger_all.log
[0.078s] -- Up-to-date symlink: /home/jay/ros2_ws/src/articubot_one/install/articubot_one/share/articubot_one/worlds/models/blue_cone/meshes/cone_blue.dae
[0.078s] -- Up-to-date symlink: /home/jay/ros2_ws/src/articubot_one/install/articubot_one/share/articubot_one/worlds/models/blue_cone/model.config
[0.078s] -- Up-to-date symlink: /home/jay/ros2_ws/src/articubot_one/install/articubot_one/share/articubot_one/worlds/models/blue_cone/model.sdf
[0.079s] -- Up-to-date symlink: /home/jay/ros2_ws/src/articubot_one/install/articubot_one/share/articubot_one/worlds/models/yellow_cone/meshes/cone_yellow.dae
[0.079s] -- Up-to-date symlink: /home/jay/ros2_ws/src/articubot_one/install/articubot_one/share/articubot_one/worlds/models/yellow_cone/model.config
[0.079s] -- Up-to-date symlink: /home/jay/ros2_ws/src/articubot_one/install/articubot_one/share/articubot_one/worlds/models/yellow_cone/model.sdf
[0.079s] -- Up-to-date symlink: /home/jay/ros2_ws/src/articubot_one/install/articubot_one/share/articubot_one/worlds/obstacles.world
[0.079s] -- Up-to-date symlink: /home/jay/ros2_ws/src/articubot_one/install/articubot_one/share/articubot_one/worlds/random_cylinders.sdf
[0.079s] -- Up-to-date symlink: /home/jay/ros2_ws/src/articubot_one/install/articubot_one/share/articubot_one/worlds/skidpad.world
[0.079s] -- Up-to-date symlink: /home/jay/ros2_ws/src/articubot_one/install/articubot_one/share/ament_index/resource_index/package_run_dependencies/articubot_one
[0.079s] -- Up-to-date symlink: /home/jay/ros2_ws/src/articubot_one/install/articubot_one/share/ament_index/resource_index/parent_prefix_path/articubot_one
[0.079s] -- Up-to-date symlink: /home/jay/ros2_ws/src/articubot_one/install/articubot_one/share/articubot_one/environment/ament_prefix_path.sh
[0.079s] -- Up-to-date symlink: /home/jay/ros2_ws/src/articubot_one/install/articubot_one/share/articubot_one/environment/ament_prefix_path.dsv
[0.079s] -- Up-to-date symlink: /home/jay/ros2_ws/src/articubot_one/install/articubot_one/share/articubot_one/environment/path.sh
[0.079s] -- Up-to-date symlink: /home/jay/ros2_ws/src/articubot_one/install/articubot_one/share/articubot_one/environment/path.dsv
[0.079s] -- Up-to-date symlink: /home/jay/ros2_ws/src/articubot_one/install/articubot_one/share/articubot_one/local_setup.bash
[0.079s] -- Up-to-date symlink: /home/jay/ros2_ws/src/articubot_one/install/articubot_one/share/articubot_one/local_setup.sh
[0.079s] -- Up-to-date symlink: /home/jay/ros2_ws/src/articubot_one/install/articubot_one/share/articubot_one/local_setup.zsh
[0.079s] -- Up-to-date symlink: /home/jay/ros2_ws/src/articubot_one/install/articubot_one/share/articubot_one/local_setup.dsv
[0.079s] -- Symlinking: /home/jay/ros2_ws/src/articubot_one/install/articubot_one/share/articubot_one/package.dsv
[0.091s] -- Up-to-date symlink: /home/jay/ros2_ws/src/articubot_one/install/articubot_one/share/ament_index/resource_index/packages/articubot_one
[0.091s] -- Up-to-date symlink: /home/jay/ros2_ws/src/articubot_one/install/articubot_one/share/articubot_one/cmake/articubot_oneConfig.cmake
[0.091s] -- Up-to-date symlink: /home/jay/ros2_ws/src/articubot_one/install/articubot_one/share/articubot_one/cmake/articubot_oneConfig-version.cmake
[0.091s] -- Up-to-date symlink: /home/jay/ros2_ws/src/articubot_one/install/articubot_one/share/articubot_one/package.xml
[0.093s] Invoked command in '/home/jay/ros2_ws/src/articubot_one/build/articubot_one' returned '0': CMAKE_PREFIX_PATH=${CMAKE_PREFIX_PATH}:/opt/ros/humble /usr/bin/cmake --install /home/jay/ros2_ws/src/articubot_one/build/articubot_one
